{"/Users/yxx/cpsc310project/src/Util.js":{"path":"/Users/yxx/cpsc310project/src/Util.js","s":{"1":1,"2":1,"3":1,"4":173,"5":1,"6":2,"7":1,"8":1,"9":1,"10":5,"11":1,"12":0,"13":1,"14":1,"15":1},"b":{},"f":{"1":1,"2":0,"3":173,"4":2,"5":1,"6":5,"7":0},"fnMap":{"1":{"name":"(anonymous_1)","line":2,"loc":{"start":{"line":2,"column":11},"end":{"line":2,"column":23}}},"2":{"name":"Log","line":3,"loc":{"start":{"line":3,"column":4},"end":{"line":3,"column":19}}},"3":{"name":"(anonymous_3)","line":5,"loc":{"start":{"line":5,"column":16},"end":{"line":5,"column":31}}},"4":{"name":"(anonymous_4)","line":8,"loc":{"start":{"line":8,"column":15},"end":{"line":8,"column":30}}},"5":{"name":"(anonymous_5)","line":11,"loc":{"start":{"line":11,"column":15},"end":{"line":11,"column":30}}},"6":{"name":"(anonymous_6)","line":14,"loc":{"start":{"line":14,"column":16},"end":{"line":14,"column":31}}},"7":{"name":"(anonymous_7)","line":17,"loc":{"start":{"line":17,"column":15},"end":{"line":17,"column":30}}}},"statementMap":{"1":{"start":{"line":2,"column":0},"end":{"line":21,"column":5}},"2":{"start":{"line":3,"column":4},"end":{"line":4,"column":5}},"3":{"start":{"line":5,"column":4},"end":{"line":7,"column":6}},"4":{"start":{"line":6,"column":8},"end":{"line":6,"column":71}},"5":{"start":{"line":8,"column":4},"end":{"line":10,"column":6}},"6":{"start":{"line":9,"column":8},"end":{"line":9,"column":71}},"7":{"start":{"line":11,"column":4},"end":{"line":13,"column":6}},"8":{"start":{"line":12,"column":8},"end":{"line":12,"column":73}},"9":{"start":{"line":14,"column":4},"end":{"line":16,"column":6}},"10":{"start":{"line":15,"column":8},"end":{"line":15,"column":73}},"11":{"start":{"line":17,"column":4},"end":{"line":19,"column":6}},"12":{"start":{"line":18,"column":8},"end":{"line":18,"column":71}},"13":{"start":{"line":20,"column":4},"end":{"line":20,"column":15}},"14":{"start":{"line":22,"column":0},"end":{"line":22,"column":62}},"15":{"start":{"line":23,"column":0},"end":{"line":23,"column":22}}},"branchMap":{}},"/Users/yxx/cpsc310project/src/controller/InsightFacade.js":{"path":"/Users/yxx/cpsc310project/src/controller/InsightFacade.js","s":{"1":1,"2":1,"3":1,"4":1,"5":1,"6":1,"7":8,"8":8,"9":8,"10":8,"11":8,"12":8,"13":4,"14":4,"15":4,"16":4,"17":0,"18":0,"19":1,"20":4,"21":4,"22":4,"23":4,"24":4,"25":4,"26":4,"27":4,"28":4,"29":0,"30":0,"31":0,"32":0,"33":1,"34":68,"35":68,"36":68,"37":68,"38":68,"39":68,"40":63,"41":50,"42":3,"43":47,"44":13,"45":5,"46":5,"47":1,"48":1,"49":1,"50":1},"b":{"1":[4,0],"2":[50,13],"3":[3,47]},"f":{"1":1,"2":83,"3":8,"4":8,"5":4,"6":4,"7":4,"8":4,"9":4,"10":0,"11":68,"12":68},"fnMap":{"1":{"name":"(anonymous_1)","line":5,"loc":{"start":{"line":5,"column":21},"end":{"line":5,"column":33}}},"2":{"name":"InsightFacade","line":6,"loc":{"start":{"line":6,"column":4},"end":{"line":6,"column":29}}},"3":{"name":"(anonymous_3)","line":8,"loc":{"start":{"line":8,"column":41},"end":{"line":8,"column":64}}},"4":{"name":"(anonymous_4)","line":11,"loc":{"start":{"line":11,"column":27},"end":{"line":11,"column":54}}},"5":{"name":"(anonymous_5)","line":14,"loc":{"start":{"line":14,"column":53},"end":{"line":14,"column":71}}},"6":{"name":"(anonymous_6)","line":17,"loc":{"start":{"line":17,"column":25},"end":{"line":17,"column":40}}},"7":{"name":"(anonymous_7)","line":28,"loc":{"start":{"line":28,"column":44},"end":{"line":28,"column":58}}},"8":{"name":"(anonymous_8)","line":31,"loc":{"start":{"line":31,"column":27},"end":{"line":31,"column":54}}},"9":{"name":"(anonymous_9)","line":35,"loc":{"start":{"line":35,"column":55},"end":{"line":35,"column":73}}},"10":{"name":"(anonymous_10)","line":38,"loc":{"start":{"line":38,"column":29},"end":{"line":38,"column":44}}},"11":{"name":"(anonymous_11)","line":52,"loc":{"start":{"line":52,"column":43},"end":{"line":52,"column":60}}},"12":{"name":"(anonymous_12)","line":54,"loc":{"start":{"line":54,"column":27},"end":{"line":54,"column":54}}}},"statementMap":{"1":{"start":{"line":2,"column":0},"end":{"line":2,"column":53}},"2":{"start":{"line":3,"column":0},"end":{"line":3,"column":57}},"3":{"start":{"line":4,"column":0},"end":{"line":4,"column":32}},"4":{"start":{"line":5,"column":0},"end":{"line":79,"column":5}},"5":{"start":{"line":6,"column":4},"end":{"line":7,"column":5}},"6":{"start":{"line":8,"column":4},"end":{"line":27,"column":6}},"7":{"start":{"line":9,"column":8},"end":{"line":9,"column":83}},"8":{"start":{"line":10,"column":8},"end":{"line":10,"column":24}},"9":{"start":{"line":11,"column":8},"end":{"line":26,"column":11}},"10":{"start":{"line":12,"column":12},"end":{"line":25,"column":13}},"11":{"start":{"line":13,"column":16},"end":{"line":13,"column":65}},"12":{"start":{"line":14,"column":16},"end":{"line":20,"column":19}},"13":{"start":{"line":15,"column":20},"end":{"line":15,"column":91}},"14":{"start":{"line":16,"column":20},"end":{"line":16,"column":73}},"15":{"start":{"line":18,"column":20},"end":{"line":18,"column":103}},"16":{"start":{"line":19,"column":20},"end":{"line":19,"column":70}},"17":{"start":{"line":23,"column":16},"end":{"line":23,"column":91}},"18":{"start":{"line":24,"column":16},"end":{"line":24,"column":28}},"19":{"start":{"line":28,"column":4},"end":{"line":51,"column":6}},"20":{"start":{"line":29,"column":8},"end":{"line":29,"column":86}},"21":{"start":{"line":30,"column":8},"end":{"line":30,"column":24}},"22":{"start":{"line":31,"column":8},"end":{"line":50,"column":11}},"23":{"start":{"line":32,"column":12},"end":{"line":49,"column":13}},"24":{"start":{"line":33,"column":16},"end":{"line":33,"column":65}},"25":{"start":{"line":34,"column":16},"end":{"line":44,"column":17}},"26":{"start":{"line":35,"column":20},"end":{"line":40,"column":23}},"27":{"start":{"line":36,"column":24},"end":{"line":36,"column":98}},"28":{"start":{"line":37,"column":24},"end":{"line":37,"column":77}},"29":{"start":{"line":39,"column":24},"end":{"line":39,"column":74}},"30":{"start":{"line":43,"column":20},"end":{"line":43,"column":81}},"31":{"start":{"line":47,"column":16},"end":{"line":47,"column":94}},"32":{"start":{"line":48,"column":16},"end":{"line":48,"column":28}},"33":{"start":{"line":52,"column":4},"end":{"line":76,"column":6}},"34":{"start":{"line":53,"column":8},"end":{"line":53,"column":24}},"35":{"start":{"line":54,"column":8},"end":{"line":75,"column":11}},"36":{"start":{"line":55,"column":12},"end":{"line":74,"column":13}},"37":{"start":{"line":56,"column":16},"end":{"line":56,"column":77}},"38":{"start":{"line":57,"column":16},"end":{"line":57,"column":73}},"39":{"start":{"line":58,"column":16},"end":{"line":58,"column":56}},"40":{"start":{"line":59,"column":16},"end":{"line":69,"column":17}},"41":{"start":{"line":60,"column":20},"end":{"line":65,"column":21}},"42":{"start":{"line":61,"column":24},"end":{"line":61,"column":92}},"43":{"start":{"line":64,"column":24},"end":{"line":64,"column":78}},"44":{"start":{"line":68,"column":20},"end":{"line":68,"column":77}},"45":{"start":{"line":72,"column":16},"end":{"line":72,"column":92}},"46":{"start":{"line":73,"column":16},"end":{"line":73,"column":28}},"47":{"start":{"line":77,"column":4},"end":{"line":77,"column":72}},"48":{"start":{"line":78,"column":4},"end":{"line":78,"column":25}},"49":{"start":{"line":80,"column":0},"end":{"line":80,"column":62}},"50":{"start":{"line":81,"column":0},"end":{"line":81,"column":32}}},"branchMap":{"1":{"line":34,"type":"if","locations":[{"start":{"line":34,"column":16},"end":{"line":34,"column":16}},{"start":{"line":34,"column":16},"end":{"line":34,"column":16}}]},"2":{"line":59,"type":"if","locations":[{"start":{"line":59,"column":16},"end":{"line":59,"column":16}},{"start":{"line":59,"column":16},"end":{"line":59,"column":16}}]},"3":{"line":60,"type":"if","locations":[{"start":{"line":60,"column":20},"end":{"line":60,"column":20}},{"start":{"line":60,"column":20},"end":{"line":60,"column":20}}]}}},"/Users/yxx/cpsc310project/src/controller/QueryController.js":{"path":"/Users/yxx/cpsc310project/src/controller/QueryController.js","s":{"1":1,"2":1,"3":1,"4":68,"5":68,"6":1,"7":3644452,"8":3644452,"9":3644452,"10":36446038,"11":0,"12":36446038,"13":3644452,"14":3644452,"15":1,"16":68,"17":67,"18":67,"19":50,"20":13,"21":1,"22":67,"23":67,"24":58,"25":9,"26":4,"27":67,"28":67,"29":170,"30":3,"31":59,"32":1,"33":59,"34":59,"35":59,"36":21,"37":38,"38":20,"39":20,"40":38,"41":38,"42":3,"43":17,"44":18,"45":0,"46":18,"47":1,"48":56,"49":56,"50":56,"51":56,"52":35,"53":34,"54":1,"55":21,"56":1,"57":20,"58":1,"59":19,"60":21,"61":21,"62":0,"63":19,"64":26,"65":26,"66":26,"67":26,"68":26,"69":26,"70":26,"71":26,"72":26,"73":26,"74":1,"75":18,"76":43,"77":43,"78":20,"79":2,"80":23,"81":23,"82":63,"83":63,"84":23,"85":0,"86":16,"87":16,"88":16,"89":23,"90":0,"91":23,"92":16,"93":1,"94":53,"95":53,"96":53,"97":143,"98":143,"99":8,"100":6,"101":53,"102":1,"103":120,"104":120,"105":120,"106":258,"107":258,"108":258,"109":190,"110":120,"111":120,"112":24,"113":96,"114":55,"115":41,"116":26,"117":15,"118":10,"119":120,"120":120,"121":50,"122":120,"123":1,"124":48,"125":48,"126":48,"127":10,"128":48,"129":1,"130":99,"131":99,"132":62,"133":99,"134":1,"135":38,"136":38,"137":76,"138":76,"139":20,"140":56,"141":42,"142":14,"143":12,"144":2,"145":2,"146":38,"147":1,"148":14,"149":14,"150":4,"151":10,"152":2,"153":8,"154":0,"155":8,"156":2,"157":14,"158":1,"159":50,"160":63,"161":63,"162":63,"163":63,"164":63,"165":62,"166":50,"167":1,"168":47,"169":47,"170":47,"171":47,"172":47,"173":47,"174":47,"175":47,"176":47,"177":47,"178":47,"179":12,"180":35,"181":15,"182":20,"183":13,"184":7,"185":5,"186":2,"187":47,"188":414055,"189":414055,"190":1022391,"191":1022391,"192":953950,"193":953950,"194":596853,"195":953950,"196":68441,"197":138044,"198":68404,"199":68404,"200":68404,"201":0,"202":68404,"203":414055,"204":47,"205":14,"206":14,"207":14,"208":14,"209":37,"210":37,"211":21,"212":16,"213":14,"214":55251,"215":55251,"216":55251,"217":58733,"218":58733,"219":55251,"220":53720,"221":1531,"222":14,"223":14,"224":1,"225":53,"226":53,"227":53,"228":53,"229":53,"230":53,"231":1,"232":13,"233":1478,"234":1478,"235":1478,"236":1764,"237":1764,"238":1478,"239":2622,"240":2622,"241":2622,"242":2622,"243":339,"244":339,"245":4257,"246":4257,"247":261,"248":339,"249":339,"250":339,"251":339,"252":4257,"253":4257,"254":129,"255":339,"256":339,"257":1014,"258":1014,"259":1014,"260":1014,"261":51787,"262":51787,"263":51787,"264":1014,"265":1014,"266":1014,"267":930,"268":930,"269":930,"270":8103,"271":8103,"272":5295,"273":5295,"274":930,"275":930,"276":1478,"277":13,"278":47,"279":27,"280":18,"281":9,"282":9,"283":9,"284":9,"285":9,"286":8,"287":8,"288":8,"289":8,"290":8,"291":364,"292":364,"293":364,"294":364,"295":45,"296":364,"297":364,"298":45,"299":319,"300":319,"301":319,"302":364,"303":8,"304":8,"305":8,"306":9,"307":1,"308":1,"309":53,"310":1,"311":47,"312":1,"313":465448,"314":465448,"315":465448,"316":465448,"317":232547,"318":232547,"319":232547,"320":1,"321":232547,"322":232547,"323":232547,"324":232547,"325":9188759,"326":4839637,"327":4839637,"328":232547,"329":232547,"330":1,"331":5072184,"332":5072184,"333":5072184,"334":1,"335":7,"336":7,"337":7,"338":7,"339":7,"340":2,"341":5,"342":0,"343":5,"344":1,"345":4,"346":1,"347":7,"348":311010,"349":266580,"350":7,"351":1,"352":19,"353":19,"354":19,"355":19,"356":19,"357":38,"358":38,"359":10,"360":28,"361":21,"362":7,"363":6,"364":1,"365":1,"366":19,"367":13,"368":13,"369":13,"370":13,"371":13,"372":13,"373":13,"374":17333,"375":17333,"376":13536,"377":13536,"378":13536,"379":13,"380":13,"381":6,"382":6,"383":6,"384":12,"385":6,"386":44120,"387":778377604,"388":140,"389":6,"390":19,"391":1,"392":24,"393":24,"394":24,"395":24,"396":24,"397":24,"398":1066320,"399":1066320,"400":1066320,"401":399870,"402":44967,"403":399870,"404":311010,"405":238318,"406":311010,"407":266580,"408":327,"409":266580,"410":24,"411":1,"412":37,"413":37,"414":37,"415":37,"416":37,"417":37,"418":1555778,"419":1555778,"420":1555778,"421":133654,"422":44794,"423":44794,"424":364,"425":44794,"426":262,"427":88860,"428":88860,"429":0,"430":88860,"431":126,"432":1422124,"433":222150,"434":222150,"435":0,"436":222150,"437":35719,"438":1199974,"439":0,"440":1199974,"441":13946,"442":37,"443":1,"444":1,"445":1},"b":{"1":[0,36446038],"2":[3644452,32801586],"3":[67,1],"4":[68,68,68],"5":[67,0],"6":[67,67,67],"7":[50,12],"8":[67,59,56],"9":[58,9],"10":[4,5],"11":[3,162],"12":[21,38],"13":[20,18],"14":[3,35],"15":[0,18],"16":[35,21],"17":[34,1],"18":[1,20],"19":[1,19],"20":[0,21],"21":[1,25],"22":[26,26,26],"23":[20,23],"24":[2,18],"25":[0,23],"26":[0,23],"27":[8,135],"28":[6,2],"29":[258,0],"30":[190,68],"31":[24,96],"32":[120,112,104],"33":[55,41],"34":[26,15],"35":[41,25],"36":[10,5],"37":[50,70],"38":[10,38],"39":[62,37],"40":[38,12],"41":[20,56],"42":[76,66,60],"43":[42,14],"44":[12,2],"45":[14,4],"46":[2,0],"47":[4,10],"48":[14,14,10],"49":[2,8],"50":[0,8],"51":[8,8],"52":[2,6],"53":[62,1],"54":[12,35],"55":[47,43,39],"56":[15,20],"57":[13,7],"58":[20,12],"59":[5,2],"60":[953950,68441],"61":[596853,357097],"62":[68404,69640],"63":[0,68404],"64":[14,33],"65":[21,16],"66":[53720,1531],"67":[1,13],"68":[339,339,1014,930],"69":[261,3996],"70":[129,4128],"71":[5295,2808],"72":[20,27],"73":[18,9],"74":[9,0],"75":[45,319],"76":[45,319],"77":[1,8],"78":[232547,232901],"79":[4839637,4349122],"80":[2,5],"81":[7,7,5],"82":[0,5],"83":[5,5],"84":[1,4],"85":[1,3],"86":[266580,44430],"87":[10,28],"88":[38,33,30],"89":[21,7],"90":[6,1],"91":[7,2],"92":[1,0],"93":[13,6],"94":[13536,3797],"95":[140,778377464],"96":[399870,311010,266580],"97":[44967,354903],"98":[238318,72692],"99":[327,266253],"100":[133654,1422124],"101":[44794,88860],"102":[364,44430],"103":[262,44532],"104":[0,88860],"105":[126,88734],"106":[222150,1199974],"107":[0,222150],"108":[35719,186431],"109":[0,1199974],"110":[13946,1186028]},"f":{"1":1,"2":68,"3":3644452,"4":68,"5":67,"6":59,"7":56,"8":53,"9":120,"10":48,"11":99,"12":38,"13":14,"14":50,"15":47,"16":465448,"17":232547,"18":5072184,"19":7,"20":19,"21":13,"22":6,"23":24,"24":37},"fnMap":{"1":{"name":"(anonymous_1)","line":3,"loc":{"start":{"line":3,"column":23},"end":{"line":3,"column":35}}},"2":{"name":"QueryController","line":4,"loc":{"start":{"line":4,"column":4},"end":{"line":4,"column":39}}},"3":{"name":"(anonymous_3)","line":8,"loc":{"start":{"line":8,"column":42},"end":{"line":8,"column":62}}},"4":{"name":"(anonymous_4)","line":21,"loc":{"start":{"line":21,"column":40},"end":{"line":21,"column":57}}},"5":{"name":"(anonymous_5)","line":31,"loc":{"start":{"line":31,"column":48},"end":{"line":31,"column":65}}},"6":{"name":"(anonymous_6)","line":47,"loc":{"start":{"line":47,"column":43},"end":{"line":47,"column":60}}},"7":{"name":"(anonymous_7)","line":70,"loc":{"start":{"line":70,"column":48},"end":{"line":70,"column":65}}},"8":{"name":"(anonymous_8)","line":144,"loc":{"start":{"line":144,"column":39},"end":{"line":144,"column":56}}},"9":{"name":"(anonymous_9)","line":157,"loc":{"start":{"line":157,"column":44},"end":{"line":157,"column":61}}},"10":{"name":"(anonymous_10)","line":187,"loc":{"start":{"line":187,"column":41},"end":{"line":187,"column":66}}},"11":{"name":"(anonymous_11)","line":195,"loc":{"start":{"line":195,"column":39},"end":{"line":195,"column":64}}},"12":{"name":"(anonymous_12)","line":202,"loc":{"start":{"line":202,"column":42},"end":{"line":202,"column":67}}},"13":{"name":"(anonymous_13)","line":221,"loc":{"start":{"line":221,"column":40},"end":{"line":221,"column":65}}},"14":{"name":"(anonymous_14)","line":237,"loc":{"start":{"line":237,"column":42},"end":{"line":237,"column":67}}},"15":{"name":"(anonymous_15)","line":249,"loc":{"start":{"line":249,"column":38},"end":{"line":249,"column":55}}},"16":{"name":"(anonymous_16)","line":456,"loc":{"start":{"line":456,"column":42},"end":{"line":456,"column":74}}},"17":{"name":"(anonymous_17)","line":466,"loc":{"start":{"line":466,"column":42},"end":{"line":466,"column":74}}},"18":{"name":"(anonymous_18)","line":479,"loc":{"start":{"line":479,"column":37},"end":{"line":479,"column":58}}},"19":{"name":"(anonymous_19)","line":484,"loc":{"start":{"line":484,"column":42},"end":{"line":484,"column":69}}},"20":{"name":"(anonymous_20)","line":508,"loc":{"start":{"line":508,"column":44},"end":{"line":508,"column":71}}},"21":{"name":"(anonymous_21)","line":530,"loc":{"start":{"line":530,"column":33},"end":{"line":530,"column":49}}},"22":{"name":"(anonymous_22)","line":551,"loc":{"start":{"line":551,"column":33},"end":{"line":551,"column":49}}},"23":{"name":"(anonymous_23)","line":567,"loc":{"start":{"line":567,"column":43},"end":{"line":567,"column":70}}},"24":{"name":"(anonymous_24)","line":596,"loc":{"start":{"line":596,"column":40},"end":{"line":596,"column":67}}}},"statementMap":{"1":{"start":{"line":2,"column":0},"end":{"line":2,"column":32}},"2":{"start":{"line":3,"column":0},"end":{"line":648,"column":5}},"3":{"start":{"line":4,"column":4},"end":{"line":7,"column":5}},"4":{"start":{"line":5,"column":8},"end":{"line":5,"column":29}},"5":{"start":{"line":6,"column":8},"end":{"line":6,"column":33}},"6":{"start":{"line":8,"column":4},"end":{"line":20,"column":6}},"7":{"start":{"line":9,"column":8},"end":{"line":9,"column":25}},"8":{"start":{"line":10,"column":8},"end":{"line":10,"column":45}},"9":{"start":{"line":11,"column":8},"end":{"line":18,"column":9}},"10":{"start":{"line":12,"column":12},"end":{"line":17,"column":13}},"11":{"start":{"line":13,"column":16},"end":{"line":13,"column":70}},"12":{"start":{"line":15,"column":17},"end":{"line":17,"column":13}},"13":{"start":{"line":16,"column":16},"end":{"line":16,"column":39}},"14":{"start":{"line":19,"column":8},"end":{"line":19,"column":23}},"15":{"start":{"line":21,"column":4},"end":{"line":30,"column":6}},"16":{"start":{"line":22,"column":8},"end":{"line":28,"column":9}},"17":{"start":{"line":23,"column":12},"end":{"line":27,"column":13}},"18":{"start":{"line":24,"column":16},"end":{"line":26,"column":17}},"19":{"start":{"line":25,"column":20},"end":{"line":25,"column":32}},"20":{"start":{"line":29,"column":8},"end":{"line":29,"column":21}},"21":{"start":{"line":31,"column":4},"end":{"line":46,"column":6}},"22":{"start":{"line":32,"column":8},"end":{"line":32,"column":47}},"23":{"start":{"line":33,"column":8},"end":{"line":38,"column":9}},"24":{"start":{"line":34,"column":12},"end":{"line":34,"column":102}},"25":{"start":{"line":36,"column":13},"end":{"line":38,"column":9}},"26":{"start":{"line":37,"column":12},"end":{"line":37,"column":131}},"27":{"start":{"line":39,"column":8},"end":{"line":39,"column":43}},"28":{"start":{"line":40,"column":8},"end":{"line":44,"column":9}},"29":{"start":{"line":41,"column":12},"end":{"line":43,"column":13}},"30":{"start":{"line":42,"column":16},"end":{"line":42,"column":29}},"31":{"start":{"line":45,"column":8},"end":{"line":45,"column":20}},"32":{"start":{"line":47,"column":4},"end":{"line":69,"column":6}},"33":{"start":{"line":48,"column":8},"end":{"line":48,"column":31}},"34":{"start":{"line":49,"column":8},"end":{"line":49,"column":35}},"35":{"start":{"line":50,"column":8},"end":{"line":68,"column":9}},"36":{"start":{"line":51,"column":12},"end":{"line":51,"column":24}},"37":{"start":{"line":53,"column":13},"end":{"line":68,"column":9}},"38":{"start":{"line":54,"column":12},"end":{"line":54,"column":34}},"39":{"start":{"line":55,"column":12},"end":{"line":60,"column":13}},"40":{"start":{"line":56,"column":16},"end":{"line":56,"column":36}},"41":{"start":{"line":57,"column":16},"end":{"line":59,"column":17}},"42":{"start":{"line":58,"column":20},"end":{"line":58,"column":33}},"43":{"start":{"line":61,"column":12},"end":{"line":61,"column":24}},"44":{"start":{"line":64,"column":12},"end":{"line":66,"column":13}},"45":{"start":{"line":65,"column":16},"end":{"line":65,"column":29}},"46":{"start":{"line":67,"column":12},"end":{"line":67,"column":24}},"47":{"start":{"line":70,"column":4},"end":{"line":143,"column":6}},"48":{"start":{"line":71,"column":8},"end":{"line":71,"column":31}},"49":{"start":{"line":72,"column":8},"end":{"line":72,"column":35}},"50":{"start":{"line":73,"column":8},"end":{"line":73,"column":35}},"51":{"start":{"line":74,"column":8},"end":{"line":142,"column":9}},"52":{"start":{"line":75,"column":12},"end":{"line":80,"column":13}},"53":{"start":{"line":76,"column":16},"end":{"line":76,"column":28}},"54":{"start":{"line":79,"column":16},"end":{"line":79,"column":29}},"55":{"start":{"line":83,"column":12},"end":{"line":141,"column":13}},"56":{"start":{"line":84,"column":16},"end":{"line":84,"column":29}},"57":{"start":{"line":87,"column":16},"end":{"line":89,"column":17}},"58":{"start":{"line":88,"column":20},"end":{"line":88,"column":33}},"59":{"start":{"line":90,"column":16},"end":{"line":95,"column":17}},"60":{"start":{"line":91,"column":20},"end":{"line":91,"column":42}},"61":{"start":{"line":92,"column":20},"end":{"line":94,"column":21}},"62":{"start":{"line":93,"column":24},"end":{"line":93,"column":37}},"63":{"start":{"line":96,"column":16},"end":{"line":113,"column":17}},"64":{"start":{"line":97,"column":20},"end":{"line":97,"column":42}},"65":{"start":{"line":98,"column":20},"end":{"line":98,"column":59}},"66":{"start":{"line":99,"column":20},"end":{"line":112,"column":21}},"67":{"start":{"line":100,"column":24},"end":{"line":100,"column":54}},"68":{"start":{"line":101,"column":24},"end":{"line":101,"column":46}},"69":{"start":{"line":102,"column":24},"end":{"line":102,"column":67}},"70":{"start":{"line":103,"column":24},"end":{"line":111,"column":25}},"71":{"start":{"line":104,"column":28},"end":{"line":104,"column":57}},"72":{"start":{"line":105,"column":28},"end":{"line":105,"column":55}},"73":{"start":{"line":106,"column":28},"end":{"line":110,"column":29}},"74":{"start":{"line":109,"column":32},"end":{"line":109,"column":45}},"75":{"start":{"line":114,"column":16},"end":{"line":131,"column":17}},"76":{"start":{"line":115,"column":20},"end":{"line":115,"column":40}},"77":{"start":{"line":116,"column":20},"end":{"line":130,"column":21}},"78":{"start":{"line":117,"column":24},"end":{"line":119,"column":25}},"79":{"start":{"line":118,"column":28},"end":{"line":118,"column":41}},"80":{"start":{"line":122,"column":24},"end":{"line":122,"column":48}},"81":{"start":{"line":123,"column":24},"end":{"line":126,"column":25}},"82":{"start":{"line":124,"column":28},"end":{"line":124,"column":45}},"83":{"start":{"line":125,"column":28},"end":{"line":125,"column":62}},"84":{"start":{"line":127,"column":24},"end":{"line":129,"column":25}},"85":{"start":{"line":128,"column":28},"end":{"line":128,"column":41}},"86":{"start":{"line":132,"column":16},"end":{"line":132,"column":36}},"87":{"start":{"line":133,"column":16},"end":{"line":133,"column":26}},"88":{"start":{"line":134,"column":16},"end":{"line":139,"column":17}},"89":{"start":{"line":135,"column":20},"end":{"line":137,"column":21}},"90":{"start":{"line":136,"column":24},"end":{"line":136,"column":37}},"91":{"start":{"line":138,"column":20},"end":{"line":138,"column":24}},"92":{"start":{"line":140,"column":16},"end":{"line":140,"column":28}},"93":{"start":{"line":144,"column":4},"end":{"line":156,"column":6}},"94":{"start":{"line":145,"column":8},"end":{"line":145,"column":33}},"95":{"start":{"line":146,"column":8},"end":{"line":146,"column":43}},"96":{"start":{"line":147,"column":8},"end":{"line":154,"column":9}},"97":{"start":{"line":148,"column":12},"end":{"line":148,"column":38}},"98":{"start":{"line":149,"column":12},"end":{"line":153,"column":13}},"99":{"start":{"line":150,"column":16},"end":{"line":152,"column":17}},"100":{"start":{"line":151,"column":20},"end":{"line":151,"column":35}},"101":{"start":{"line":155,"column":8},"end":{"line":155,"column":22}},"102":{"start":{"line":157,"column":4},"end":{"line":186,"column":6}},"103":{"start":{"line":158,"column":8},"end":{"line":158,"column":31}},"104":{"start":{"line":159,"column":8},"end":{"line":159,"column":31}},"105":{"start":{"line":160,"column":8},"end":{"line":167,"column":9}},"106":{"start":{"line":161,"column":12},"end":{"line":161,"column":30}},"107":{"start":{"line":162,"column":12},"end":{"line":166,"column":13}},"108":{"start":{"line":163,"column":16},"end":{"line":165,"column":17}},"109":{"start":{"line":164,"column":20},"end":{"line":164,"column":33}},"110":{"start":{"line":168,"column":8},"end":{"line":168,"column":35}},"111":{"start":{"line":169,"column":8},"end":{"line":180,"column":9}},"112":{"start":{"line":170,"column":12},"end":{"line":170,"column":46}},"113":{"start":{"line":172,"column":13},"end":{"line":180,"column":9}},"114":{"start":{"line":173,"column":12},"end":{"line":173,"column":44}},"115":{"start":{"line":175,"column":13},"end":{"line":180,"column":9}},"116":{"start":{"line":176,"column":12},"end":{"line":176,"column":47}},"117":{"start":{"line":178,"column":13},"end":{"line":180,"column":9}},"118":{"start":{"line":179,"column":12},"end":{"line":179,"column":45}},"119":{"start":{"line":181,"column":8},"end":{"line":181,"column":35}},"120":{"start":{"line":182,"column":8},"end":{"line":184,"column":9}},"121":{"start":{"line":183,"column":12},"end":{"line":183,"column":53}},"122":{"start":{"line":185,"column":8},"end":{"line":185,"column":20}},"123":{"start":{"line":187,"column":4},"end":{"line":194,"column":6}},"124":{"start":{"line":188,"column":8},"end":{"line":188,"column":45}},"125":{"start":{"line":189,"column":8},"end":{"line":189,"column":51}},"126":{"start":{"line":190,"column":8},"end":{"line":192,"column":9}},"127":{"start":{"line":191,"column":12},"end":{"line":191,"column":30}},"128":{"start":{"line":193,"column":8},"end":{"line":193,"column":22}},"129":{"start":{"line":195,"column":4},"end":{"line":201,"column":6}},"130":{"start":{"line":196,"column":8},"end":{"line":196,"column":45}},"131":{"start":{"line":197,"column":8},"end":{"line":199,"column":9}},"132":{"start":{"line":198,"column":12},"end":{"line":198,"column":28}},"133":{"start":{"line":200,"column":8},"end":{"line":200,"column":22}},"134":{"start":{"line":202,"column":4},"end":{"line":220,"column":6}},"135":{"start":{"line":203,"column":8},"end":{"line":203,"column":48}},"136":{"start":{"line":204,"column":8},"end":{"line":218,"column":9}},"137":{"start":{"line":205,"column":12},"end":{"line":205,"column":32}},"138":{"start":{"line":206,"column":12},"end":{"line":217,"column":13}},"139":{"start":{"line":207,"column":16},"end":{"line":207,"column":50}},"140":{"start":{"line":209,"column":17},"end":{"line":217,"column":13}},"141":{"start":{"line":210,"column":16},"end":{"line":210,"column":48}},"142":{"start":{"line":212,"column":17},"end":{"line":217,"column":13}},"143":{"start":{"line":213,"column":16},"end":{"line":213,"column":51}},"144":{"start":{"line":215,"column":17},"end":{"line":217,"column":13}},"145":{"start":{"line":216,"column":16},"end":{"line":216,"column":49}},"146":{"start":{"line":219,"column":8},"end":{"line":219,"column":22}},"147":{"start":{"line":221,"column":4},"end":{"line":236,"column":6}},"148":{"start":{"line":222,"column":8},"end":{"line":222,"column":31}},"149":{"start":{"line":223,"column":8},"end":{"line":234,"column":9}},"150":{"start":{"line":224,"column":12},"end":{"line":224,"column":48}},"151":{"start":{"line":226,"column":13},"end":{"line":234,"column":9}},"152":{"start":{"line":227,"column":12},"end":{"line":227,"column":46}},"153":{"start":{"line":229,"column":13},"end":{"line":234,"column":9}},"154":{"start":{"line":230,"column":12},"end":{"line":230,"column":49}},"155":{"start":{"line":232,"column":13},"end":{"line":234,"column":9}},"156":{"start":{"line":233,"column":12},"end":{"line":233,"column":47}},"157":{"start":{"line":235,"column":8},"end":{"line":235,"column":22}},"158":{"start":{"line":237,"column":4},"end":{"line":248,"column":6}},"159":{"start":{"line":238,"column":8},"end":{"line":246,"column":9}},"160":{"start":{"line":239,"column":12},"end":{"line":239,"column":32}},"161":{"start":{"line":240,"column":12},"end":{"line":240,"column":46}},"162":{"start":{"line":241,"column":12},"end":{"line":241,"column":58}},"163":{"start":{"line":242,"column":12},"end":{"line":242,"column":54}},"164":{"start":{"line":243,"column":12},"end":{"line":245,"column":13}},"165":{"start":{"line":244,"column":16},"end":{"line":244,"column":40}},"166":{"start":{"line":247,"column":8},"end":{"line":247,"column":22}},"167":{"start":{"line":249,"column":4},"end":{"line":455,"column":6}},"168":{"start":{"line":250,"column":8},"end":{"line":250,"column":88}},"169":{"start":{"line":251,"column":8},"end":{"line":251,"column":29}},"170":{"start":{"line":252,"column":8},"end":{"line":252,"column":27}},"171":{"start":{"line":253,"column":8},"end":{"line":253,"column":37}},"172":{"start":{"line":254,"column":8},"end":{"line":254,"column":36}},"173":{"start":{"line":255,"column":8},"end":{"line":255,"column":35}},"174":{"start":{"line":256,"column":8},"end":{"line":256,"column":35}},"175":{"start":{"line":257,"column":8},"end":{"line":257,"column":42}},"176":{"start":{"line":258,"column":8},"end":{"line":258,"column":47}},"177":{"start":{"line":259,"column":8},"end":{"line":259,"column":40}},"178":{"start":{"line":260,"column":8},"end":{"line":274,"column":9}},"179":{"start":{"line":261,"column":12},"end":{"line":261,"column":52}},"180":{"start":{"line":263,"column":13},"end":{"line":274,"column":9}},"181":{"start":{"line":264,"column":12},"end":{"line":264,"column":49}},"182":{"start":{"line":266,"column":13},"end":{"line":274,"column":9}},"183":{"start":{"line":267,"column":12},"end":{"line":267,"column":53}},"184":{"start":{"line":269,"column":13},"end":{"line":274,"column":9}},"185":{"start":{"line":270,"column":12},"end":{"line":270,"column":51}},"186":{"start":{"line":273,"column":12},"end":{"line":273,"column":27}},"187":{"start":{"line":275,"column":8},"end":{"line":302,"column":9}},"188":{"start":{"line":276,"column":12},"end":{"line":276,"column":33}},"189":{"start":{"line":277,"column":12},"end":{"line":300,"column":13}},"190":{"start":{"line":278,"column":16},"end":{"line":278,"column":41}},"191":{"start":{"line":279,"column":16},"end":{"line":299,"column":17}},"192":{"start":{"line":280,"column":20},"end":{"line":280,"column":63}},"193":{"start":{"line":281,"column":20},"end":{"line":283,"column":21}},"194":{"start":{"line":282,"column":24},"end":{"line":282,"column":49}},"195":{"start":{"line":284,"column":20},"end":{"line":284,"column":44}},"196":{"start":{"line":287,"column":20},"end":{"line":298,"column":21}},"197":{"start":{"line":288,"column":24},"end":{"line":297,"column":25}},"198":{"start":{"line":289,"column":28},"end":{"line":289,"column":67}},"199":{"start":{"line":290,"column":28},"end":{"line":290,"column":59}},"200":{"start":{"line":291,"column":28},"end":{"line":296,"column":29}},"201":{"start":{"line":292,"column":32},"end":{"line":292,"column":96}},"202":{"start":{"line":295,"column":32},"end":{"line":295,"column":85}},"203":{"start":{"line":301,"column":12},"end":{"line":301,"column":37}},"204":{"start":{"line":303,"column":8},"end":{"line":406,"column":9}},"205":{"start":{"line":304,"column":12},"end":{"line":304,"column":37}},"206":{"start":{"line":305,"column":12},"end":{"line":305,"column":35}},"207":{"start":{"line":306,"column":12},"end":{"line":306,"column":35}},"208":{"start":{"line":307,"column":12},"end":{"line":315,"column":13}},"209":{"start":{"line":308,"column":16},"end":{"line":308,"column":42}},"210":{"start":{"line":309,"column":16},"end":{"line":314,"column":17}},"211":{"start":{"line":310,"column":20},"end":{"line":310,"column":39}},"212":{"start":{"line":313,"column":20},"end":{"line":313,"column":39}},"213":{"start":{"line":316,"column":12},"end":{"line":329,"column":13}},"214":{"start":{"line":317,"column":16},"end":{"line":317,"column":43}},"215":{"start":{"line":318,"column":16},"end":{"line":318,"column":36}},"216":{"start":{"line":319,"column":16},"end":{"line":322,"column":17}},"217":{"start":{"line":320,"column":20},"end":{"line":320,"column":44}},"218":{"start":{"line":321,"column":20},"end":{"line":321,"column":64}},"219":{"start":{"line":323,"column":16},"end":{"line":328,"column":17}},"220":{"start":{"line":324,"column":20},"end":{"line":324,"column":70}},"221":{"start":{"line":327,"column":20},"end":{"line":327,"column":72}},"222":{"start":{"line":330,"column":12},"end":{"line":330,"column":36}},"223":{"start":{"line":331,"column":12},"end":{"line":405,"column":13}},"224":{"start":{"line":332,"column":16},"end":{"line":340,"column":17}},"225":{"start":{"line":333,"column":20},"end":{"line":333,"column":55}},"226":{"start":{"line":334,"column":20},"end":{"line":334,"column":36}},"227":{"start":{"line":335,"column":20},"end":{"line":338,"column":21}},"228":{"start":{"line":336,"column":24},"end":{"line":336,"column":48}},"229":{"start":{"line":337,"column":24},"end":{"line":337,"column":60}},"230":{"start":{"line":339,"column":20},"end":{"line":339,"column":43}},"231":{"start":{"line":341,"column":16},"end":{"line":341,"column":35}},"232":{"start":{"line":344,"column":16},"end":{"line":403,"column":17}},"233":{"start":{"line":345,"column":20},"end":{"line":345,"column":55}},"234":{"start":{"line":346,"column":20},"end":{"line":346,"column":36}},"235":{"start":{"line":347,"column":20},"end":{"line":350,"column":21}},"236":{"start":{"line":348,"column":24},"end":{"line":348,"column":48}},"237":{"start":{"line":349,"column":24},"end":{"line":349,"column":60}},"238":{"start":{"line":351,"column":20},"end":{"line":401,"column":21}},"239":{"start":{"line":352,"column":24},"end":{"line":352,"column":45}},"240":{"start":{"line":353,"column":24},"end":{"line":353,"column":59}},"241":{"start":{"line":354,"column":24},"end":{"line":354,"column":70}},"242":{"start":{"line":355,"column":24},"end":{"line":400,"column":25}},"243":{"start":{"line":357,"column":32},"end":{"line":357,"column":44}},"244":{"start":{"line":358,"column":32},"end":{"line":363,"column":33}},"245":{"start":{"line":359,"column":36},"end":{"line":359,"column":51}},"246":{"start":{"line":360,"column":36},"end":{"line":362,"column":37}},"247":{"start":{"line":361,"column":40},"end":{"line":361,"column":59}},"248":{"start":{"line":364,"column":32},"end":{"line":364,"column":56}},"249":{"start":{"line":365,"column":32},"end":{"line":365,"column":38}},"250":{"start":{"line":367,"column":32},"end":{"line":367,"column":72}},"251":{"start":{"line":368,"column":32},"end":{"line":373,"column":33}},"252":{"start":{"line":369,"column":36},"end":{"line":369,"column":51}},"253":{"start":{"line":370,"column":36},"end":{"line":372,"column":37}},"254":{"start":{"line":371,"column":40},"end":{"line":371,"column":59}},"255":{"start":{"line":374,"column":32},"end":{"line":374,"column":56}},"256":{"start":{"line":375,"column":32},"end":{"line":375,"column":38}},"257":{"start":{"line":377,"column":32},"end":{"line":377,"column":46}},"258":{"start":{"line":378,"column":32},"end":{"line":378,"column":44}},"259":{"start":{"line":379,"column":32},"end":{"line":379,"column":49}},"260":{"start":{"line":380,"column":32},"end":{"line":384,"column":33}},"261":{"start":{"line":381,"column":36},"end":{"line":381,"column":51}},"262":{"start":{"line":382,"column":36},"end":{"line":382,"column":56}},"263":{"start":{"line":383,"column":36},"end":{"line":383,"column":44}},"264":{"start":{"line":385,"column":32},"end":{"line":385,"column":71}},"265":{"start":{"line":386,"column":32},"end":{"line":386,"column":56}},"266":{"start":{"line":387,"column":32},"end":{"line":387,"column":38}},"267":{"start":{"line":389,"column":32},"end":{"line":389,"column":46}},"268":{"start":{"line":390,"column":32},"end":{"line":390,"column":59}},"269":{"start":{"line":391,"column":32},"end":{"line":397,"column":33}},"270":{"start":{"line":392,"column":36},"end":{"line":392,"column":51}},"271":{"start":{"line":393,"column":36},"end":{"line":396,"column":37}},"272":{"start":{"line":394,"column":40},"end":{"line":394,"column":48}},"273":{"start":{"line":395,"column":40},"end":{"line":395,"column":72}},"274":{"start":{"line":398,"column":32},"end":{"line":398,"column":58}},"275":{"start":{"line":399,"column":32},"end":{"line":399,"column":38}},"276":{"start":{"line":402,"column":20},"end":{"line":402,"column":43}},"277":{"start":{"line":404,"column":16},"end":{"line":404,"column":35}},"278":{"start":{"line":407,"column":8},"end":{"line":453,"column":9}},"279":{"start":{"line":409,"column":13},"end":{"line":453,"column":9}},"280":{"start":{"line":410,"column":12},"end":{"line":410,"column":71}},"281":{"start":{"line":413,"column":12},"end":{"line":413,"column":44}},"282":{"start":{"line":414,"column":12},"end":{"line":445,"column":13}},"283":{"start":{"line":415,"column":16},"end":{"line":415,"column":70}},"284":{"start":{"line":416,"column":16},"end":{"line":416,"column":26}},"285":{"start":{"line":417,"column":16},"end":{"line":444,"column":17}},"286":{"start":{"line":418,"column":20},"end":{"line":418,"column":31}},"287":{"start":{"line":419,"column":20},"end":{"line":419,"column":38}},"288":{"start":{"line":420,"column":20},"end":{"line":420,"column":39}},"289":{"start":{"line":421,"column":20},"end":{"line":421,"column":50}},"290":{"start":{"line":422,"column":20},"end":{"line":440,"column":21}},"291":{"start":{"line":423,"column":24},"end":{"line":423,"column":34}},"292":{"start":{"line":424,"column":24},"end":{"line":424,"column":38}},"293":{"start":{"line":425,"column":24},"end":{"line":430,"column":25}},"294":{"start":{"line":426,"column":28},"end":{"line":428,"column":29}},"295":{"start":{"line":427,"column":32},"end":{"line":427,"column":40}},"296":{"start":{"line":429,"column":28},"end":{"line":429,"column":32}},"297":{"start":{"line":431,"column":24},"end":{"line":438,"column":25}},"298":{"start":{"line":432,"column":28},"end":{"line":432,"column":54}},"299":{"start":{"line":435,"column":28},"end":{"line":435,"column":86}},"300":{"start":{"line":436,"column":28},"end":{"line":436,"column":57}},"301":{"start":{"line":437,"column":28},"end":{"line":437,"column":52}},"302":{"start":{"line":439,"column":24},"end":{"line":439,"column":29}},"303":{"start":{"line":441,"column":20},"end":{"line":441,"column":78}},"304":{"start":{"line":442,"column":20},"end":{"line":442,"column":51}},"305":{"start":{"line":443,"column":20},"end":{"line":443,"column":24}},"306":{"start":{"line":446,"column":12},"end":{"line":452,"column":13}},"307":{"start":{"line":447,"column":16},"end":{"line":447,"column":44}},"308":{"start":{"line":448,"column":16},"end":{"line":450,"column":17}},"309":{"start":{"line":449,"column":20},"end":{"line":449,"column":56}},"310":{"start":{"line":451,"column":16},"end":{"line":451,"column":39}},"311":{"start":{"line":454,"column":8},"end":{"line":454,"column":52}},"312":{"start":{"line":456,"column":4},"end":{"line":465,"column":6}},"313":{"start":{"line":457,"column":8},"end":{"line":457,"column":24}},"314":{"start":{"line":458,"column":8},"end":{"line":458,"column":18}},"315":{"start":{"line":459,"column":8},"end":{"line":459,"column":27}},"316":{"start":{"line":460,"column":8},"end":{"line":464,"column":9}},"317":{"start":{"line":461,"column":12},"end":{"line":461,"column":57}},"318":{"start":{"line":462,"column":12},"end":{"line":462,"column":54}},"319":{"start":{"line":463,"column":12},"end":{"line":463,"column":55}},"320":{"start":{"line":466,"column":4},"end":{"line":478,"column":6}},"321":{"start":{"line":467,"column":8},"end":{"line":467,"column":24}},"322":{"start":{"line":468,"column":8},"end":{"line":468,"column":41}},"323":{"start":{"line":469,"column":8},"end":{"line":469,"column":33}},"324":{"start":{"line":470,"column":8},"end":{"line":475,"column":9}},"325":{"start":{"line":471,"column":12},"end":{"line":474,"column":13}},"326":{"start":{"line":472,"column":16},"end":{"line":472,"column":50}},"327":{"start":{"line":473,"column":16},"end":{"line":473,"column":33}},"328":{"start":{"line":476,"column":8},"end":{"line":476,"column":45}},"329":{"start":{"line":477,"column":8},"end":{"line":477,"column":30}},"330":{"start":{"line":479,"column":4},"end":{"line":483,"column":6}},"331":{"start":{"line":480,"column":8},"end":{"line":480,"column":26}},"332":{"start":{"line":481,"column":8},"end":{"line":481,"column":24}},"333":{"start":{"line":482,"column":8},"end":{"line":482,"column":22}},"334":{"start":{"line":484,"column":4},"end":{"line":507,"column":6}},"335":{"start":{"line":485,"column":8},"end":{"line":485,"column":29}},"336":{"start":{"line":486,"column":8},"end":{"line":486,"column":27}},"337":{"start":{"line":487,"column":8},"end":{"line":487,"column":45}},"338":{"start":{"line":488,"column":8},"end":{"line":488,"column":41}},"339":{"start":{"line":489,"column":8},"end":{"line":500,"column":9}},"340":{"start":{"line":490,"column":12},"end":{"line":490,"column":56}},"341":{"start":{"line":492,"column":13},"end":{"line":500,"column":9}},"342":{"start":{"line":493,"column":12},"end":{"line":493,"column":57}},"343":{"start":{"line":495,"column":13},"end":{"line":500,"column":9}},"344":{"start":{"line":496,"column":12},"end":{"line":496,"column":53}},"345":{"start":{"line":498,"column":13},"end":{"line":500,"column":9}},"346":{"start":{"line":499,"column":12},"end":{"line":499,"column":55}},"347":{"start":{"line":501,"column":8},"end":{"line":505,"column":9}},"348":{"start":{"line":502,"column":12},"end":{"line":504,"column":13}},"349":{"start":{"line":503,"column":16},"end":{"line":503,"column":40}},"350":{"start":{"line":506,"column":8},"end":{"line":506,"column":22}},"351":{"start":{"line":508,"column":4},"end":{"line":566,"column":6}},"352":{"start":{"line":509,"column":8},"end":{"line":509,"column":29}},"353":{"start":{"line":510,"column":8},"end":{"line":510,"column":34}},"354":{"start":{"line":511,"column":8},"end":{"line":511,"column":47}},"355":{"start":{"line":512,"column":8},"end":{"line":512,"column":43}},"356":{"start":{"line":513,"column":8},"end":{"line":527,"column":9}},"357":{"start":{"line":514,"column":12},"end":{"line":514,"column":46}},"358":{"start":{"line":515,"column":12},"end":{"line":526,"column":13}},"359":{"start":{"line":516,"column":16},"end":{"line":516,"column":74}},"360":{"start":{"line":518,"column":17},"end":{"line":526,"column":13}},"361":{"start":{"line":519,"column":16},"end":{"line":519,"column":71}},"362":{"start":{"line":521,"column":17},"end":{"line":526,"column":13}},"363":{"start":{"line":522,"column":16},"end":{"line":522,"column":75}},"364":{"start":{"line":524,"column":17},"end":{"line":526,"column":13}},"365":{"start":{"line":525,"column":16},"end":{"line":525,"column":73}},"366":{"start":{"line":528,"column":8},"end":{"line":564,"column":9}},"367":{"start":{"line":530,"column":16},"end":{"line":532,"column":19}},"368":{"start":{"line":531,"column":20},"end":{"line":531,"column":47}},"369":{"start":{"line":533,"column":16},"end":{"line":533,"column":56}},"370":{"start":{"line":534,"column":16},"end":{"line":534,"column":54}},"371":{"start":{"line":535,"column":16},"end":{"line":535,"column":51}},"372":{"start":{"line":536,"column":16},"end":{"line":546,"column":17}},"373":{"start":{"line":537,"column":20},"end":{"line":545,"column":21}},"374":{"start":{"line":538,"column":24},"end":{"line":538,"column":54}},"375":{"start":{"line":539,"column":24},"end":{"line":544,"column":25}},"376":{"start":{"line":540,"column":28},"end":{"line":543,"column":29}},"377":{"start":{"line":541,"column":32},"end":{"line":541,"column":70}},"378":{"start":{"line":542,"column":32},"end":{"line":542,"column":58}},"379":{"start":{"line":547,"column":16},"end":{"line":547,"column":38}},"380":{"start":{"line":548,"column":16},"end":{"line":548,"column":22}},"381":{"start":{"line":551,"column":16},"end":{"line":553,"column":19}},"382":{"start":{"line":552,"column":20},"end":{"line":552,"column":47}},"383":{"start":{"line":554,"column":16},"end":{"line":556,"column":17}},"384":{"start":{"line":555,"column":20},"end":{"line":555,"column":61}},"385":{"start":{"line":557,"column":16},"end":{"line":562,"column":17}},"386":{"start":{"line":558,"column":20},"end":{"line":561,"column":21}},"387":{"start":{"line":559,"column":24},"end":{"line":560,"column":50}},"388":{"start":{"line":560,"column":28},"end":{"line":560,"column":50}},"389":{"start":{"line":563,"column":16},"end":{"line":563,"column":22}},"390":{"start":{"line":565,"column":8},"end":{"line":565,"column":22}},"391":{"start":{"line":567,"column":4},"end":{"line":595,"column":6}},"392":{"start":{"line":568,"column":8},"end":{"line":568,"column":29}},"393":{"start":{"line":569,"column":8},"end":{"line":569,"column":46}},"394":{"start":{"line":570,"column":8},"end":{"line":570,"column":42}},"395":{"start":{"line":571,"column":8},"end":{"line":571,"column":66}},"396":{"start":{"line":572,"column":8},"end":{"line":572,"column":48}},"397":{"start":{"line":573,"column":8},"end":{"line":593,"column":9}},"398":{"start":{"line":574,"column":12},"end":{"line":574,"column":38}},"399":{"start":{"line":575,"column":12},"end":{"line":575,"column":59}},"400":{"start":{"line":576,"column":12},"end":{"line":592,"column":13}},"401":{"start":{"line":578,"column":20},"end":{"line":580,"column":21}},"402":{"start":{"line":579,"column":24},"end":{"line":579,"column":42}},"403":{"start":{"line":581,"column":20},"end":{"line":581,"column":26}},"404":{"start":{"line":583,"column":20},"end":{"line":585,"column":21}},"405":{"start":{"line":584,"column":24},"end":{"line":584,"column":42}},"406":{"start":{"line":586,"column":20},"end":{"line":586,"column":26}},"407":{"start":{"line":588,"column":20},"end":{"line":590,"column":21}},"408":{"start":{"line":589,"column":24},"end":{"line":589,"column":42}},"409":{"start":{"line":591,"column":20},"end":{"line":591,"column":26}},"410":{"start":{"line":594,"column":8},"end":{"line":594,"column":22}},"411":{"start":{"line":596,"column":4},"end":{"line":646,"column":6}},"412":{"start":{"line":597,"column":8},"end":{"line":597,"column":29}},"413":{"start":{"line":598,"column":8},"end":{"line":598,"column":43}},"414":{"start":{"line":599,"column":8},"end":{"line":599,"column":39}},"415":{"start":{"line":600,"column":8},"end":{"line":600,"column":66}},"416":{"start":{"line":601,"column":8},"end":{"line":601,"column":48}},"417":{"start":{"line":602,"column":8},"end":{"line":644,"column":9}},"418":{"start":{"line":603,"column":12},"end":{"line":603,"column":38}},"419":{"start":{"line":604,"column":12},"end":{"line":604,"column":59}},"420":{"start":{"line":605,"column":12},"end":{"line":643,"column":13}},"421":{"start":{"line":606,"column":16},"end":{"line":623,"column":17}},"422":{"start":{"line":607,"column":20},"end":{"line":607,"column":61}},"423":{"start":{"line":608,"column":20},"end":{"line":610,"column":21}},"424":{"start":{"line":609,"column":24},"end":{"line":609,"column":49}},"425":{"start":{"line":611,"column":20},"end":{"line":613,"column":21}},"426":{"start":{"line":612,"column":24},"end":{"line":612,"column":42}},"427":{"start":{"line":616,"column":20},"end":{"line":616,"column":61}},"428":{"start":{"line":617,"column":20},"end":{"line":619,"column":21}},"429":{"start":{"line":618,"column":24},"end":{"line":618,"column":49}},"430":{"start":{"line":620,"column":20},"end":{"line":622,"column":21}},"431":{"start":{"line":621,"column":24},"end":{"line":621,"column":42}},"432":{"start":{"line":626,"column":16},"end":{"line":642,"column":17}},"433":{"start":{"line":627,"column":20},"end":{"line":627,"column":61}},"434":{"start":{"line":628,"column":20},"end":{"line":630,"column":21}},"435":{"start":{"line":629,"column":24},"end":{"line":629,"column":49}},"436":{"start":{"line":631,"column":20},"end":{"line":633,"column":21}},"437":{"start":{"line":632,"column":24},"end":{"line":632,"column":42}},"438":{"start":{"line":636,"column":20},"end":{"line":638,"column":21}},"439":{"start":{"line":637,"column":24},"end":{"line":637,"column":49}},"440":{"start":{"line":639,"column":20},"end":{"line":641,"column":21}},"441":{"start":{"line":640,"column":24},"end":{"line":640,"column":42}},"442":{"start":{"line":645,"column":8},"end":{"line":645,"column":22}},"443":{"start":{"line":647,"column":4},"end":{"line":647,"column":27}},"444":{"start":{"line":649,"column":0},"end":{"line":649,"column":62}},"445":{"start":{"line":650,"column":0},"end":{"line":650,"column":34}}},"branchMap":{"1":{"line":12,"type":"if","locations":[{"start":{"line":12,"column":12},"end":{"line":12,"column":12}},{"start":{"line":12,"column":12},"end":{"line":12,"column":12}}]},"2":{"line":15,"type":"if","locations":[{"start":{"line":15,"column":17},"end":{"line":15,"column":17}},{"start":{"line":15,"column":17},"end":{"line":15,"column":17}}]},"3":{"line":22,"type":"if","locations":[{"start":{"line":22,"column":8},"end":{"line":22,"column":8}},{"start":{"line":22,"column":8},"end":{"line":22,"column":8}}]},"4":{"line":22,"type":"binary-expr","locations":[{"start":{"line":22,"column":12},"end":{"line":22,"column":40}},{"start":{"line":22,"column":44},"end":{"line":22,"column":58}},{"start":{"line":22,"column":62},"end":{"line":22,"column":91}}]},"5":{"line":23,"type":"if","locations":[{"start":{"line":23,"column":12},"end":{"line":23,"column":12}},{"start":{"line":23,"column":12},"end":{"line":23,"column":12}}]},"6":{"line":23,"type":"binary-expr","locations":[{"start":{"line":23,"column":17},"end":{"line":23,"column":44}},{"start":{"line":23,"column":48},"end":{"line":23,"column":77}},{"start":{"line":23,"column":81},"end":{"line":23,"column":107}}]},"7":{"line":24,"type":"if","locations":[{"start":{"line":24,"column":16},"end":{"line":24,"column":16}},{"start":{"line":24,"column":16},"end":{"line":24,"column":16}}]},"8":{"line":24,"type":"binary-expr","locations":[{"start":{"line":24,"column":20},"end":{"line":24,"column":47}},{"start":{"line":24,"column":51},"end":{"line":24,"column":73}},{"start":{"line":24,"column":77},"end":{"line":24,"column":104}}]},"9":{"line":33,"type":"if","locations":[{"start":{"line":33,"column":8},"end":{"line":33,"column":8}},{"start":{"line":33,"column":8},"end":{"line":33,"column":8}}]},"10":{"line":36,"type":"if","locations":[{"start":{"line":36,"column":13},"end":{"line":36,"column":13}},{"start":{"line":36,"column":13},"end":{"line":36,"column":13}}]},"11":{"line":41,"type":"if","locations":[{"start":{"line":41,"column":12},"end":{"line":41,"column":12}},{"start":{"line":41,"column":12},"end":{"line":41,"column":12}}]},"12":{"line":50,"type":"if","locations":[{"start":{"line":50,"column":8},"end":{"line":50,"column":8}},{"start":{"line":50,"column":8},"end":{"line":50,"column":8}}]},"13":{"line":53,"type":"if","locations":[{"start":{"line":53,"column":13},"end":{"line":53,"column":13}},{"start":{"line":53,"column":13},"end":{"line":53,"column":13}}]},"14":{"line":57,"type":"if","locations":[{"start":{"line":57,"column":16},"end":{"line":57,"column":16}},{"start":{"line":57,"column":16},"end":{"line":57,"column":16}}]},"15":{"line":64,"type":"if","locations":[{"start":{"line":64,"column":12},"end":{"line":64,"column":12}},{"start":{"line":64,"column":12},"end":{"line":64,"column":12}}]},"16":{"line":74,"type":"if","locations":[{"start":{"line":74,"column":8},"end":{"line":74,"column":8}},{"start":{"line":74,"column":8},"end":{"line":74,"column":8}}]},"17":{"line":75,"type":"if","locations":[{"start":{"line":75,"column":12},"end":{"line":75,"column":12}},{"start":{"line":75,"column":12},"end":{"line":75,"column":12}}]},"18":{"line":83,"type":"if","locations":[{"start":{"line":83,"column":12},"end":{"line":83,"column":12}},{"start":{"line":83,"column":12},"end":{"line":83,"column":12}}]},"19":{"line":87,"type":"if","locations":[{"start":{"line":87,"column":16},"end":{"line":87,"column":16}},{"start":{"line":87,"column":16},"end":{"line":87,"column":16}}]},"20":{"line":92,"type":"if","locations":[{"start":{"line":92,"column":20},"end":{"line":92,"column":20}},{"start":{"line":92,"column":20},"end":{"line":92,"column":20}}]},"21":{"line":106,"type":"if","locations":[{"start":{"line":106,"column":28},"end":{"line":106,"column":28}},{"start":{"line":106,"column":28},"end":{"line":106,"column":28}}]},"22":{"line":106,"type":"binary-expr","locations":[{"start":{"line":106,"column":32},"end":{"line":106,"column":59}},{"start":{"line":107,"column":35},"end":{"line":107,"column":81}},{"start":{"line":108,"column":35},"end":{"line":108,"column":63}}]},"23":{"line":116,"type":"if","locations":[{"start":{"line":116,"column":20},"end":{"line":116,"column":20}},{"start":{"line":116,"column":20},"end":{"line":116,"column":20}}]},"24":{"line":117,"type":"if","locations":[{"start":{"line":117,"column":24},"end":{"line":117,"column":24}},{"start":{"line":117,"column":24},"end":{"line":117,"column":24}}]},"25":{"line":127,"type":"if","locations":[{"start":{"line":127,"column":24},"end":{"line":127,"column":24}},{"start":{"line":127,"column":24},"end":{"line":127,"column":24}}]},"26":{"line":135,"type":"if","locations":[{"start":{"line":135,"column":20},"end":{"line":135,"column":20}},{"start":{"line":135,"column":20},"end":{"line":135,"column":20}}]},"27":{"line":149,"type":"if","locations":[{"start":{"line":149,"column":12},"end":{"line":149,"column":12}},{"start":{"line":149,"column":12},"end":{"line":149,"column":12}}]},"28":{"line":150,"type":"if","locations":[{"start":{"line":150,"column":16},"end":{"line":150,"column":16}},{"start":{"line":150,"column":16},"end":{"line":150,"column":16}}]},"29":{"line":162,"type":"if","locations":[{"start":{"line":162,"column":12},"end":{"line":162,"column":12}},{"start":{"line":162,"column":12},"end":{"line":162,"column":12}}]},"30":{"line":163,"type":"if","locations":[{"start":{"line":163,"column":16},"end":{"line":163,"column":16}},{"start":{"line":163,"column":16},"end":{"line":163,"column":16}}]},"31":{"line":169,"type":"if","locations":[{"start":{"line":169,"column":8},"end":{"line":169,"column":8}},{"start":{"line":169,"column":8},"end":{"line":169,"column":8}}]},"32":{"line":169,"type":"binary-expr","locations":[{"start":{"line":169,"column":12},"end":{"line":169,"column":23}},{"start":{"line":169,"column":27},"end":{"line":169,"column":38}},{"start":{"line":169,"column":42},"end":{"line":169,"column":53}}]},"33":{"line":172,"type":"if","locations":[{"start":{"line":172,"column":13},"end":{"line":172,"column":13}},{"start":{"line":172,"column":13},"end":{"line":172,"column":13}}]},"34":{"line":175,"type":"if","locations":[{"start":{"line":175,"column":13},"end":{"line":175,"column":13}},{"start":{"line":175,"column":13},"end":{"line":175,"column":13}}]},"35":{"line":175,"type":"binary-expr","locations":[{"start":{"line":175,"column":17},"end":{"line":175,"column":29}},{"start":{"line":175,"column":33},"end":{"line":175,"column":44}}]},"36":{"line":178,"type":"if","locations":[{"start":{"line":178,"column":13},"end":{"line":178,"column":13}},{"start":{"line":178,"column":13},"end":{"line":178,"column":13}}]},"37":{"line":182,"type":"if","locations":[{"start":{"line":182,"column":8},"end":{"line":182,"column":8}},{"start":{"line":182,"column":8},"end":{"line":182,"column":8}}]},"38":{"line":190,"type":"if","locations":[{"start":{"line":190,"column":8},"end":{"line":190,"column":8}},{"start":{"line":190,"column":8},"end":{"line":190,"column":8}}]},"39":{"line":197,"type":"if","locations":[{"start":{"line":197,"column":8},"end":{"line":197,"column":8}},{"start":{"line":197,"column":8},"end":{"line":197,"column":8}}]},"40":{"line":203,"type":"binary-expr","locations":[{"start":{"line":203,"column":20},"end":{"line":203,"column":32}},{"start":{"line":203,"column":36},"end":{"line":203,"column":47}}]},"41":{"line":206,"type":"if","locations":[{"start":{"line":206,"column":12},"end":{"line":206,"column":12}},{"start":{"line":206,"column":12},"end":{"line":206,"column":12}}]},"42":{"line":206,"type":"binary-expr","locations":[{"start":{"line":206,"column":16},"end":{"line":206,"column":23}},{"start":{"line":206,"column":27},"end":{"line":206,"column":34}},{"start":{"line":206,"column":38},"end":{"line":206,"column":45}}]},"43":{"line":209,"type":"if","locations":[{"start":{"line":209,"column":17},"end":{"line":209,"column":17}},{"start":{"line":209,"column":17},"end":{"line":209,"column":17}}]},"44":{"line":212,"type":"if","locations":[{"start":{"line":212,"column":17},"end":{"line":212,"column":17}},{"start":{"line":212,"column":17},"end":{"line":212,"column":17}}]},"45":{"line":212,"type":"binary-expr","locations":[{"start":{"line":212,"column":21},"end":{"line":212,"column":29}},{"start":{"line":212,"column":33},"end":{"line":212,"column":40}}]},"46":{"line":215,"type":"if","locations":[{"start":{"line":215,"column":17},"end":{"line":215,"column":17}},{"start":{"line":215,"column":17},"end":{"line":215,"column":17}}]},"47":{"line":223,"type":"if","locations":[{"start":{"line":223,"column":8},"end":{"line":223,"column":8}},{"start":{"line":223,"column":8},"end":{"line":223,"column":8}}]},"48":{"line":223,"type":"binary-expr","locations":[{"start":{"line":223,"column":12},"end":{"line":223,"column":21}},{"start":{"line":223,"column":25},"end":{"line":223,"column":34}},{"start":{"line":223,"column":38},"end":{"line":223,"column":47}}]},"49":{"line":226,"type":"if","locations":[{"start":{"line":226,"column":13},"end":{"line":226,"column":13}},{"start":{"line":226,"column":13},"end":{"line":226,"column":13}}]},"50":{"line":229,"type":"if","locations":[{"start":{"line":229,"column":13},"end":{"line":229,"column":13}},{"start":{"line":229,"column":13},"end":{"line":229,"column":13}}]},"51":{"line":229,"type":"binary-expr","locations":[{"start":{"line":229,"column":17},"end":{"line":229,"column":27}},{"start":{"line":229,"column":31},"end":{"line":229,"column":40}}]},"52":{"line":232,"type":"if","locations":[{"start":{"line":232,"column":13},"end":{"line":232,"column":13}},{"start":{"line":232,"column":13},"end":{"line":232,"column":13}}]},"53":{"line":243,"type":"if","locations":[{"start":{"line":243,"column":12},"end":{"line":243,"column":12}},{"start":{"line":243,"column":12},"end":{"line":243,"column":12}}]},"54":{"line":260,"type":"if","locations":[{"start":{"line":260,"column":8},"end":{"line":260,"column":8}},{"start":{"line":260,"column":8},"end":{"line":260,"column":8}}]},"55":{"line":260,"type":"binary-expr","locations":[{"start":{"line":260,"column":12},"end":{"line":260,"column":24}},{"start":{"line":260,"column":28},"end":{"line":260,"column":40}},{"start":{"line":260,"column":44},"end":{"line":260,"column":56}}]},"56":{"line":263,"type":"if","locations":[{"start":{"line":263,"column":13},"end":{"line":263,"column":13}},{"start":{"line":263,"column":13},"end":{"line":263,"column":13}}]},"57":{"line":266,"type":"if","locations":[{"start":{"line":266,"column":13},"end":{"line":266,"column":13}},{"start":{"line":266,"column":13},"end":{"line":266,"column":13}}]},"58":{"line":266,"type":"binary-expr","locations":[{"start":{"line":266,"column":17},"end":{"line":266,"column":30}},{"start":{"line":266,"column":34},"end":{"line":266,"column":46}}]},"59":{"line":269,"type":"if","locations":[{"start":{"line":269,"column":13},"end":{"line":269,"column":13}},{"start":{"line":269,"column":13},"end":{"line":269,"column":13}}]},"60":{"line":279,"type":"if","locations":[{"start":{"line":279,"column":16},"end":{"line":279,"column":16}},{"start":{"line":279,"column":16},"end":{"line":279,"column":16}}]},"61":{"line":281,"type":"if","locations":[{"start":{"line":281,"column":20},"end":{"line":281,"column":20}},{"start":{"line":281,"column":20},"end":{"line":281,"column":20}}]},"62":{"line":288,"type":"if","locations":[{"start":{"line":288,"column":24},"end":{"line":288,"column":24}},{"start":{"line":288,"column":24},"end":{"line":288,"column":24}}]},"63":{"line":291,"type":"if","locations":[{"start":{"line":291,"column":28},"end":{"line":291,"column":28}},{"start":{"line":291,"column":28},"end":{"line":291,"column":28}}]},"64":{"line":303,"type":"if","locations":[{"start":{"line":303,"column":8},"end":{"line":303,"column":8}},{"start":{"line":303,"column":8},"end":{"line":303,"column":8}}]},"65":{"line":309,"type":"if","locations":[{"start":{"line":309,"column":16},"end":{"line":309,"column":16}},{"start":{"line":309,"column":16},"end":{"line":309,"column":16}}]},"66":{"line":323,"type":"if","locations":[{"start":{"line":323,"column":16},"end":{"line":323,"column":16}},{"start":{"line":323,"column":16},"end":{"line":323,"column":16}}]},"67":{"line":331,"type":"if","locations":[{"start":{"line":331,"column":12},"end":{"line":331,"column":12}},{"start":{"line":331,"column":12},"end":{"line":331,"column":12}}]},"68":{"line":355,"type":"switch","locations":[{"start":{"line":356,"column":28},"end":{"line":365,"column":38}},{"start":{"line":366,"column":28},"end":{"line":375,"column":38}},{"start":{"line":376,"column":28},"end":{"line":387,"column":38}},{"start":{"line":388,"column":28},"end":{"line":399,"column":38}}]},"69":{"line":360,"type":"if","locations":[{"start":{"line":360,"column":36},"end":{"line":360,"column":36}},{"start":{"line":360,"column":36},"end":{"line":360,"column":36}}]},"70":{"line":370,"type":"if","locations":[{"start":{"line":370,"column":36},"end":{"line":370,"column":36}},{"start":{"line":370,"column":36},"end":{"line":370,"column":36}}]},"71":{"line":393,"type":"if","locations":[{"start":{"line":393,"column":36},"end":{"line":393,"column":36}},{"start":{"line":393,"column":36},"end":{"line":393,"column":36}}]},"72":{"line":407,"type":"if","locations":[{"start":{"line":407,"column":8},"end":{"line":407,"column":8}},{"start":{"line":407,"column":8},"end":{"line":407,"column":8}}]},"73":{"line":409,"type":"if","locations":[{"start":{"line":409,"column":13},"end":{"line":409,"column":13}},{"start":{"line":409,"column":13},"end":{"line":409,"column":13}}]},"74":{"line":414,"type":"if","locations":[{"start":{"line":414,"column":12},"end":{"line":414,"column":12}},{"start":{"line":414,"column":12},"end":{"line":414,"column":12}}]},"75":{"line":426,"type":"if","locations":[{"start":{"line":426,"column":28},"end":{"line":426,"column":28}},{"start":{"line":426,"column":28},"end":{"line":426,"column":28}}]},"76":{"line":431,"type":"if","locations":[{"start":{"line":431,"column":24},"end":{"line":431,"column":24}},{"start":{"line":431,"column":24},"end":{"line":431,"column":24}}]},"77":{"line":446,"type":"if","locations":[{"start":{"line":446,"column":12},"end":{"line":446,"column":12}},{"start":{"line":446,"column":12},"end":{"line":446,"column":12}}]},"78":{"line":460,"type":"if","locations":[{"start":{"line":460,"column":8},"end":{"line":460,"column":8}},{"start":{"line":460,"column":8},"end":{"line":460,"column":8}}]},"79":{"line":471,"type":"if","locations":[{"start":{"line":471,"column":12},"end":{"line":471,"column":12}},{"start":{"line":471,"column":12},"end":{"line":471,"column":12}}]},"80":{"line":489,"type":"if","locations":[{"start":{"line":489,"column":8},"end":{"line":489,"column":8}},{"start":{"line":489,"column":8},"end":{"line":489,"column":8}}]},"81":{"line":489,"type":"binary-expr","locations":[{"start":{"line":489,"column":12},"end":{"line":489,"column":28}},{"start":{"line":489,"column":32},"end":{"line":489,"column":48}},{"start":{"line":489,"column":52},"end":{"line":489,"column":68}}]},"82":{"line":492,"type":"if","locations":[{"start":{"line":492,"column":13},"end":{"line":492,"column":13}},{"start":{"line":492,"column":13},"end":{"line":492,"column":13}}]},"83":{"line":492,"type":"binary-expr","locations":[{"start":{"line":492,"column":17},"end":{"line":492,"column":34}},{"start":{"line":492,"column":38},"end":{"line":492,"column":54}}]},"84":{"line":495,"type":"if","locations":[{"start":{"line":495,"column":13},"end":{"line":495,"column":13}},{"start":{"line":495,"column":13},"end":{"line":495,"column":13}}]},"85":{"line":498,"type":"if","locations":[{"start":{"line":498,"column":13},"end":{"line":498,"column":13}},{"start":{"line":498,"column":13},"end":{"line":498,"column":13}}]},"86":{"line":502,"type":"if","locations":[{"start":{"line":502,"column":12},"end":{"line":502,"column":12}},{"start":{"line":502,"column":12},"end":{"line":502,"column":12}}]},"87":{"line":515,"type":"if","locations":[{"start":{"line":515,"column":12},"end":{"line":515,"column":12}},{"start":{"line":515,"column":12},"end":{"line":515,"column":12}}]},"88":{"line":515,"type":"binary-expr","locations":[{"start":{"line":515,"column":16},"end":{"line":515,"column":35}},{"start":{"line":515,"column":39},"end":{"line":515,"column":58}},{"start":{"line":515,"column":62},"end":{"line":515,"column":81}}]},"89":{"line":518,"type":"if","locations":[{"start":{"line":518,"column":17},"end":{"line":518,"column":17}},{"start":{"line":518,"column":17},"end":{"line":518,"column":17}}]},"90":{"line":521,"type":"if","locations":[{"start":{"line":521,"column":17},"end":{"line":521,"column":17}},{"start":{"line":521,"column":17},"end":{"line":521,"column":17}}]},"91":{"line":521,"type":"binary-expr","locations":[{"start":{"line":521,"column":21},"end":{"line":521,"column":41}},{"start":{"line":521,"column":45},"end":{"line":521,"column":64}}]},"92":{"line":524,"type":"if","locations":[{"start":{"line":524,"column":17},"end":{"line":524,"column":17}},{"start":{"line":524,"column":17},"end":{"line":524,"column":17}}]},"93":{"line":528,"type":"switch","locations":[{"start":{"line":529,"column":12},"end":{"line":549,"column":13}},{"start":{"line":550,"column":12},"end":{"line":563,"column":22}}]},"94":{"line":539,"type":"if","locations":[{"start":{"line":539,"column":24},"end":{"line":539,"column":24}},{"start":{"line":539,"column":24},"end":{"line":539,"column":24}}]},"95":{"line":559,"type":"if","locations":[{"start":{"line":559,"column":24},"end":{"line":559,"column":24}},{"start":{"line":559,"column":24},"end":{"line":559,"column":24}}]},"96":{"line":576,"type":"switch","locations":[{"start":{"line":577,"column":16},"end":{"line":581,"column":26}},{"start":{"line":582,"column":16},"end":{"line":586,"column":26}},{"start":{"line":587,"column":16},"end":{"line":591,"column":26}}]},"97":{"line":578,"type":"if","locations":[{"start":{"line":578,"column":20},"end":{"line":578,"column":20}},{"start":{"line":578,"column":20},"end":{"line":578,"column":20}}]},"98":{"line":583,"type":"if","locations":[{"start":{"line":583,"column":20},"end":{"line":583,"column":20}},{"start":{"line":583,"column":20},"end":{"line":583,"column":20}}]},"99":{"line":588,"type":"if","locations":[{"start":{"line":588,"column":20},"end":{"line":588,"column":20}},{"start":{"line":588,"column":20},"end":{"line":588,"column":20}}]},"100":{"line":605,"type":"if","locations":[{"start":{"line":605,"column":12},"end":{"line":605,"column":12}},{"start":{"line":605,"column":12},"end":{"line":605,"column":12}}]},"101":{"line":606,"type":"if","locations":[{"start":{"line":606,"column":16},"end":{"line":606,"column":16}},{"start":{"line":606,"column":16},"end":{"line":606,"column":16}}]},"102":{"line":608,"type":"if","locations":[{"start":{"line":608,"column":20},"end":{"line":608,"column":20}},{"start":{"line":608,"column":20},"end":{"line":608,"column":20}}]},"103":{"line":611,"type":"if","locations":[{"start":{"line":611,"column":20},"end":{"line":611,"column":20}},{"start":{"line":611,"column":20},"end":{"line":611,"column":20}}]},"104":{"line":617,"type":"if","locations":[{"start":{"line":617,"column":20},"end":{"line":617,"column":20}},{"start":{"line":617,"column":20},"end":{"line":617,"column":20}}]},"105":{"line":620,"type":"if","locations":[{"start":{"line":620,"column":20},"end":{"line":620,"column":20}},{"start":{"line":620,"column":20},"end":{"line":620,"column":20}}]},"106":{"line":626,"type":"if","locations":[{"start":{"line":626,"column":16},"end":{"line":626,"column":16}},{"start":{"line":626,"column":16},"end":{"line":626,"column":16}}]},"107":{"line":628,"type":"if","locations":[{"start":{"line":628,"column":20},"end":{"line":628,"column":20}},{"start":{"line":628,"column":20},"end":{"line":628,"column":20}}]},"108":{"line":631,"type":"if","locations":[{"start":{"line":631,"column":20},"end":{"line":631,"column":20}},{"start":{"line":631,"column":20},"end":{"line":631,"column":20}}]},"109":{"line":636,"type":"if","locations":[{"start":{"line":636,"column":20},"end":{"line":636,"column":20}},{"start":{"line":636,"column":20},"end":{"line":636,"column":20}}]},"110":{"line":639,"type":"if","locations":[{"start":{"line":639,"column":20},"end":{"line":639,"column":20}},{"start":{"line":639,"column":20},"end":{"line":639,"column":20}}]}}},"/Users/yxx/cpsc310project/src/controller/DatasetController.js":{"path":"/Users/yxx/cpsc310project/src/controller/DatasetController.js","s":{"1":1,"2":1,"3":1,"4":1,"5":1,"6":1,"7":1,"8":1,"9":1,"10":1,"11":0,"12":0,"13":0,"14":0,"15":0,"16":0,"17":0,"18":0,"19":0,"20":0,"21":0,"22":0,"23":0,"24":1,"25":72,"26":0,"27":0,"28":0,"29":72,"30":1,"31":8,"32":8,"33":4,"34":4,"35":4,"36":0,"37":0,"38":1,"39":4,"40":4,"41":4,"42":4,"43":4,"44":4,"45":2,"46":2,"47":2,"48":2,"49":2,"50":2,"51":2,"52":2,"53":2,"54":2,"55":2,"56":2,"57":2,"58":2,"59":2,"60":2,"61":2,"62":2,"63":2,"64":2,"65":2,"66":148,"67":148,"68":148,"69":148,"70":148,"71":148,"72":148,"73":148,"74":148,"75":148,"76":2,"77":2,"78":2,"79":2,"80":148,"81":148,"82":148,"83":2,"84":2,"85":148,"86":148,"87":148,"88":148,"89":2,"90":2,"91":2,"92":148,"93":148,"94":148,"95":88,"96":88,"97":88,"98":728,"99":728,"100":2,"101":728,"102":728,"103":728,"104":728,"105":728,"106":728,"107":728,"108":728,"109":728,"110":728,"111":728,"112":728,"113":728,"114":2,"115":0,"116":2,"117":2,"118":1,"119":1,"120":1,"121":1,"122":1,"123":1,"124":0,"125":0,"126":0,"127":0,"128":2,"129":2,"130":0,"131":0,"132":1,"133":148,"134":148,"135":148,"136":148,"137":148,"138":148,"139":0,"140":148,"141":0,"142":148,"143":0,"144":0,"145":0,"146":148,"147":148,"148":148,"149":148,"150":148,"151":148,"152":148,"153":148,"154":0,"155":1,"156":2,"157":2,"158":1,"159":3994,"160":1474,"161":2204,"162":148,"163":3994,"164":1476,"165":2,"166":2,"167":1,"168":2,"169":2,"170":2,"171":2,"172":2,"173":4,"174":4,"175":890,"176":890,"177":2,"178":2,"179":890,"180":890,"181":446,"182":2,"183":2,"184":446,"185":446,"186":2,"187":446,"188":446,"189":296,"190":2,"191":2,"192":1,"193":2,"194":2,"195":296,"196":148,"197":2,"198":1,"199":2,"200":2,"201":2,"202":2,"203":4,"204":4,"205":4,"206":4,"207":890,"208":890,"209":148,"210":148,"211":148,"212":148,"213":890,"214":2,"215":1,"216":88,"217":88,"218":88,"219":88,"220":88,"221":1544,"222":728,"223":728,"224":728,"225":8008,"226":3640,"227":3640,"228":3640,"229":3640,"230":3640,"231":728,"232":728,"233":3640,"234":728,"235":728,"236":3640,"237":728,"238":728,"239":3640,"240":6552,"241":1456,"242":728,"243":728,"244":728,"245":728,"246":728,"247":728,"248":728,"249":88,"250":1,"251":4,"252":4,"253":4,"254":4,"255":4,"256":4,"257":2,"258":2,"259":2,"260":2,"261":11888,"262":11888,"263":2,"264":2,"265":2,"266":11888,"267":11888,"268":11888,"269":88860,"270":88860,"271":88860,"272":88860,"273":33790,"274":55070,"275":88860,"276":88860,"277":88860,"278":88860,"279":0,"280":2,"281":0,"282":2,"283":2,"284":1,"285":1,"286":1,"287":1,"288":1,"289":1,"290":0,"291":0,"292":2,"293":2,"294":0,"295":0,"296":1,"297":4,"298":4,"299":4,"300":3,"301":3,"302":3,"303":1,"304":1,"305":1,"306":1,"307":1,"308":4,"309":4,"310":4,"311":4,"312":4,"313":2,"314":2,"315":2,"316":2,"317":2,"318":2,"319":0,"320":0,"321":0,"322":0,"323":1,"324":1,"325":1},"b":{"1":[0,0],"2":[0,0],"3":[0,0],"4":[0,0],"5":[0,0],"6":[0,72],"7":[0,0],"8":[4,4],"9":[4,0],"10":[88,60],"11":[0,2],"12":[2,2,2],"13":[1,1],"14":[1,0],"15":[0,148],"16":[0,148],"17":[0,148],"18":[1474,2520],"19":[148,2056],"20":[2204,436],"21":[1476,2518],"22":[446,444],"23":[296,150],"24":[148,148],"25":[148,742],"26":[890,888],"27":[88,0],"28":[728,816],"29":[3640,4368],"30":[3640,0],"31":[728,2912],"32":[728,2912],"33":[728,2912],"34":[1456,5096],"35":[728,728],"36":[1456,1456],"37":[11888,0],"38":[33790,55070],"39":[0,2],"40":[2,2,2],"41":[1,1],"42":[1,0],"43":[3,1],"44":[1,0],"45":[2,2],"46":[2,0]},"f":{"1":1,"2":1,"3":0,"4":0,"5":72,"6":8,"7":0,"8":4,"9":4,"10":2,"11":2,"12":2,"13":2,"14":2,"15":2,"16":148,"17":148,"18":148,"19":148,"20":148,"21":2,"22":3994,"23":2204,"24":2,"25":2,"26":2,"27":88,"28":1544,"29":8008,"30":6552,"31":4,"32":4,"33":2,"34":11888,"35":2,"36":11888,"37":2,"38":2,"39":4,"40":4,"41":4,"42":4,"43":4},"fnMap":{"1":{"name":"(anonymous_1)","line":7,"loc":{"start":{"line":7,"column":25},"end":{"line":7,"column":37}}},"2":{"name":"DatasetController","line":8,"loc":{"start":{"line":8,"column":4},"end":{"line":8,"column":33}}},"3":{"name":"(anonymous_3)","line":12,"loc":{"start":{"line":12,"column":45},"end":{"line":12,"column":59}}},"4":{"name":"(anonymous_4)","line":14,"loc":{"start":{"line":14,"column":44},"end":{"line":14,"column":65}}},"5":{"name":"(anonymous_5)","line":37,"loc":{"start":{"line":37,"column":46},"end":{"line":37,"column":58}}},"6":{"name":"(anonymous_6)","line":45,"loc":{"start":{"line":45,"column":42},"end":{"line":45,"column":62}}},"7":{"name":"(anonymous_7)","line":54,"loc":{"start":{"line":54,"column":31},"end":{"line":54,"column":49}}},"8":{"name":"(anonymous_8)","line":59,"loc":{"start":{"line":59,"column":45},"end":{"line":59,"column":65}}},"9":{"name":"(anonymous_9)","line":62,"loc":{"start":{"line":62,"column":27},"end":{"line":62,"column":54}}},"10":{"name":"(anonymous_10)","line":65,"loc":{"start":{"line":65,"column":61},"end":{"line":65,"column":76}}},"11":{"name":"(anonymous_11)","line":77,"loc":{"start":{"line":77,"column":46},"end":{"line":77,"column":67}}},"12":{"name":"(anonymous_12)","line":98,"loc":{"start":{"line":98,"column":58},"end":{"line":98,"column":77}}},"13":{"name":"(anonymous_13)","line":113,"loc":{"start":{"line":113,"column":59},"end":{"line":113,"column":78}}},"14":{"name":"(anonymous_14)","line":148,"loc":{"start":{"line":148,"column":76},"end":{"line":148,"column":97}}},"15":{"name":"(anonymous_15)","line":175,"loc":{"start":{"line":175,"column":25},"end":{"line":175,"column":40}}},"16":{"name":"(anonymous_16)","line":186,"loc":{"start":{"line":186,"column":47},"end":{"line":186,"column":66}}},"17":{"name":"(anonymous_17)","line":187,"loc":{"start":{"line":187,"column":27},"end":{"line":187,"column":54}}},"18":{"name":"(anonymous_18)","line":188,"loc":{"start":{"line":188,"column":30},"end":{"line":188,"column":45}}},"19":{"name":"(anonymous_19)","line":207,"loc":{"start":{"line":207,"column":31},"end":{"line":207,"column":48}}},"20":{"name":"(anonymous_20)","line":208,"loc":{"start":{"line":208,"column":30},"end":{"line":208,"column":42}}},"21":{"name":"(anonymous_21)","line":220,"loc":{"start":{"line":220,"column":50},"end":{"line":220,"column":70}}},"22":{"name":"findIndexNode","line":223,"loc":{"start":{"line":223,"column":8},"end":{"line":223,"column":37}}},"23":{"name":"(anonymous_23)","line":225,"loc":{"start":{"line":225,"column":35},"end":{"line":225,"column":52}}},"24":{"name":"(anonymous_24)","line":238,"loc":{"start":{"line":238,"column":56},"end":{"line":238,"column":76}}},"25":{"name":"(anonymous_25)","line":272,"loc":{"start":{"line":272,"column":55},"end":{"line":272,"column":81}}},"26":{"name":"(anonymous_26)","line":281,"loc":{"start":{"line":281,"column":54},"end":{"line":281,"column":74}}},"27":{"name":"(anonymous_27)","line":303,"loc":{"start":{"line":303,"column":50},"end":{"line":303,"column":67}}},"28":{"name":"(anonymous_28)","line":308,"loc":{"start":{"line":308,"column":59},"end":{"line":308,"column":73}}},"29":{"name":"(anonymous_29)","line":317,"loc":{"start":{"line":317,"column":42},"end":{"line":317,"column":56}}},"30":{"name":"(anonymous_30)","line":337,"loc":{"start":{"line":337,"column":50},"end":{"line":337,"column":69}}},"31":{"name":"(anonymous_31)","line":357,"loc":{"start":{"line":357,"column":45},"end":{"line":357,"column":65}}},"32":{"name":"(anonymous_32)","line":360,"loc":{"start":{"line":360,"column":27},"end":{"line":360,"column":54}}},"33":{"name":"(anonymous_33)","line":363,"loc":{"start":{"line":363,"column":61},"end":{"line":363,"column":76}}},"34":{"name":"(anonymous_34)","line":367,"loc":{"start":{"line":367,"column":50},"end":{"line":367,"column":80}}},"35":{"name":"(anonymous_35)","line":371,"loc":{"start":{"line":371,"column":47},"end":{"line":371,"column":66}}},"36":{"name":"(anonymous_36)","line":373,"loc":{"start":{"line":373,"column":44},"end":{"line":373,"column":63}}},"37":{"name":"(anonymous_37)","line":412,"loc":{"start":{"line":412,"column":60},"end":{"line":412,"column":81}}},"38":{"name":"(anonymous_38)","line":429,"loc":{"start":{"line":429,"column":25},"end":{"line":429,"column":40}}},"39":{"name":"(anonymous_39)","line":440,"loc":{"start":{"line":440,"column":39},"end":{"line":440,"column":71}}},"40":{"name":"(anonymous_40)","line":442,"loc":{"start":{"line":442,"column":25},"end":{"line":442,"column":46}}},"41":{"name":"(anonymous_41)","line":455,"loc":{"start":{"line":455,"column":49},"end":{"line":455,"column":63}}},"42":{"name":"(anonymous_42)","line":457,"loc":{"start":{"line":457,"column":27},"end":{"line":457,"column":54}}},"43":{"name":"(anonymous_43)","line":459,"loc":{"start":{"line":459,"column":48},"end":{"line":459,"column":69}}}},"statementMap":{"1":{"start":{"line":2,"column":0},"end":{"line":2,"column":32}},"2":{"start":{"line":3,"column":0},"end":{"line":3,"column":29}},"3":{"start":{"line":4,"column":0},"end":{"line":4,"column":23}},"4":{"start":{"line":5,"column":0},"end":{"line":5,"column":31}},"5":{"start":{"line":6,"column":0},"end":{"line":6,"column":27}},"6":{"start":{"line":7,"column":0},"end":{"line":482,"column":5}},"7":{"start":{"line":8,"column":4},"end":{"line":11,"column":5}},"8":{"start":{"line":9,"column":8},"end":{"line":9,"column":27}},"9":{"start":{"line":10,"column":8},"end":{"line":10,"column":58}},"10":{"start":{"line":12,"column":4},"end":{"line":36,"column":6}},"11":{"start":{"line":13,"column":8},"end":{"line":35,"column":9}},"12":{"start":{"line":14,"column":12},"end":{"line":31,"column":15}},"13":{"start":{"line":15,"column":16},"end":{"line":30,"column":17}},"14":{"start":{"line":16,"column":20},"end":{"line":16,"column":79}},"15":{"start":{"line":17,"column":20},"end":{"line":22,"column":21}},"16":{"start":{"line":18,"column":24},"end":{"line":18,"column":36}},"17":{"start":{"line":21,"column":24},"end":{"line":21,"column":64}},"18":{"start":{"line":24,"column":21},"end":{"line":30,"column":17}},"19":{"start":{"line":25,"column":20},"end":{"line":25,"column":32}},"20":{"start":{"line":28,"column":20},"end":{"line":28,"column":62}},"21":{"start":{"line":29,"column":20},"end":{"line":29,"column":32}},"22":{"start":{"line":33,"column":13},"end":{"line":35,"column":9}},"23":{"start":{"line":34,"column":12},"end":{"line":34,"column":37}},"24":{"start":{"line":37,"column":4},"end":{"line":44,"column":6}},"25":{"start":{"line":38,"column":8},"end":{"line":42,"column":9}},"26":{"start":{"line":39,"column":12},"end":{"line":39,"column":43}},"27":{"start":{"line":40,"column":12},"end":{"line":41,"column":72}},"28":{"start":{"line":41,"column":16},"end":{"line":41,"column":72}},"29":{"start":{"line":43,"column":8},"end":{"line":43,"column":29}},"30":{"start":{"line":45,"column":4},"end":{"line":58,"column":6}},"31":{"start":{"line":46,"column":8},"end":{"line":46,"column":24}},"32":{"start":{"line":47,"column":8},"end":{"line":57,"column":9}},"33":{"start":{"line":48,"column":12},"end":{"line":48,"column":45}},"34":{"start":{"line":50,"column":13},"end":{"line":57,"column":9}},"35":{"start":{"line":51,"column":12},"end":{"line":51,"column":45}},"36":{"start":{"line":54,"column":12},"end":{"line":56,"column":15}},"37":{"start":{"line":55,"column":16},"end":{"line":55,"column":28}},"38":{"start":{"line":59,"column":4},"end":{"line":185,"column":6}},"39":{"start":{"line":
[...]
column":21}},"162":{"start":{"line":227,"column":24},"end":{"line":227,"column":55}},"163":{"start":{"line":231,"column":12},"end":{"line":233,"column":13}},"164":{"start":{"line":232,"column":16},"end":{"line":232,"column":55}},"165":{"start":{"line":235,"column":8},"end":{"line":235,"column":37}},"166":{"start":{"line":236,"column":8},"end":{"line":236,"column":28}},"167":{"start":{"line":238,"column":4},"end":{"line":271,"column":6}},"168":{"start":{"line":239,"column":8},"end":{"line":239,"column":32}},"169":{"start":{"line":240,"column":8},"end":{"line":240,"column":28}},"170":{"start":{"line":241,"column":8},"end":{"line":269,"column":9}},"171":{"start":{"line":242,"column":12},"end":{"line":242,"column":27}},"172":{"start":{"line":243,"column":12},"end":{"line":249,"column":13}},"173":{"start":{"line":244,"column":16},"end":{"line":244,"column":31}},"174":{"start":{"line":245,"column":16},"end":{"line":248,"column":17}},"175":{"start":{"line":246,"column":20},"end":{"line":246,"column":35}},"176":{"start":{"line":247,"column":20},"end":{"line":247,"column":45}},"177":{"start":{"line":250,"column":12},"end":{"line":250,"column":33}},"178":{"start":{"line":251,"column":12},"end":{"line":256,"column":13}},"179":{"start":{"line":252,"column":16},"end":{"line":252,"column":41}},"180":{"start":{"line":253,"column":16},"end":{"line":255,"column":17}},"181":{"start":{"line":254,"column":20},"end":{"line":254,"column":40}},"182":{"start":{"line":257,"column":12},"end":{"line":257,"column":31}},"183":{"start":{"line":258,"column":12},"end":{"line":261,"column":13}},"184":{"start":{"line":259,"column":16},"end":{"line":259,"column":42}},"185":{"start":{"line":260,"column":16},"end":{"line":260,"column":41}},"186":{"start":{"line":262,"column":12},"end":{"line":267,"column":13}},"187":{"start":{"line":263,"column":16},"end":{"line":263,"column":40}},"188":{"start":{"line":264,"column":16},"end":{"line":266,"column":17}},"189":{"start":{"line":265,"column":20},"end":{"line":265,"column":43}},"190":{"start":{"line":268,"column":12},"end":{"line":268,"column":18}},"191":{"start":{"line":270,"column":8},"end":{"line":270,"column":30}},"192":{"start":{"line":272,"column":4},"end":{"line":280,"column":6}},"193":{"start":{"line":273,"column":8},"end":{"line":273,"column":35}},"194":{"start":{"line":274,"column":8},"end":{"line":278,"column":9}},"195":{"start":{"line":275,"column":12},"end":{"line":277,"column":13}},"196":{"start":{"line":276,"column":16},"end":{"line":276,"column":62}},"197":{"start":{"line":279,"column":8},"end":{"line":279,"column":33}},"198":{"start":{"line":281,"column":4},"end":{"line":302,"column":6}},"199":{"start":{"line":282,"column":8},"end":{"line":282,"column":39}},"200":{"start":{"line":283,"column":8},"end":{"line":300,"column":9}},"201":{"start":{"line":284,"column":12},"end":{"line":284,"column":38}},"202":{"start":{"line":285,"column":12},"end":{"line":299,"column":13}},"203":{"start":{"line":286,"column":16},"end":{"line":286,"column":43}},"204":{"start":{"line":287,"column":16},"end":{"line":287,"column":30}},"205":{"start":{"line":288,"column":16},"end":{"line":288,"column":33}},"206":{"start":{"line":289,"column":16},"end":{"line":298,"column":17}},"207":{"start":{"line":290,"column":20},"end":{"line":290,"column":47}},"208":{"start":{"line":291,"column":20},"end":{"line":296,"column":21}},"209":{"start":{"line":292,"column":24},"end":{"line":292,"column":41}},"210":{"start":{"line":293,"column":24},"end":{"line":293,"column":92}},"211":{"start":{"line":294,"column":24},"end":{"line":294,"column":51}},"212":{"start":{"line":295,"column":24},"end":{"line":295,"column":62}},"213":{"start":{"line":297,"column":20},"end":{"line":297,"column":38}},"214":{"start":{"line":301,"column":8},"end":{"line":301,"column":37}},"215":{"start":{"line":303,"column":4},"end":{"line":356,"column":6}},"216":{"start":{"line":304,"column":8},"end":{"line":304,"column":30}},"217":{"start":{"line":305,"column":8},"end":{"line":305,"column":27}},"218":{"start":{"line":306,"column":8},"end":{"line":306,"column":56}},"219":{"start":{"line":307,"column":8},"end":{"line":354,"column":9}},"220":{"start":{"line":308,"column":12},"end":{"line":353,"column":15}},"221":{"start":{"line":309,"column":16},"end":{"line":352,"column":17}},"222":{"start":{"line":310,"column":20},"end":{"line":310,"column":37}},"223":{"start":{"line":311,"column":20},"end":{"line":316,"column":22}},"224":{"start":{"line":317,"column":20},"end":{"line":348,"column":23}},"225":{"start":{"line":318,"column":24},"end":{"line":347,"column":25}},"226":{"start":{"line":319,"column":28},"end":{"line":336,"column":29}},"227":{"start":{"line":320,"column":32},"end":{"line":335,"column":33}},"228":{"start":{"line":321,"column":36},"end":{"line":321,"column":55}},"229":{"start":{"line":322,"column":36},"end":{"line":322,"column":52}},"230":{"start":{"line":323,"column":36},"end":{"line":326,"column":37}},"231":{"start":{"line":324,"column":40},"end":{"line":324,"column":109}},"232":{"start":{"line":325,"column":40},"end":{"line":325,"column":76}},"233":{"start":{"line":327,"column":36},"end":{"line":330,"column":37}},"234":{"start":{"line":328,"column":40},"end":{"line":328,"column":105}},"235":{"start":{"line":329,"column":40},"end":{"line":329,"column":80}},"236":{"start":{"line":331,"column":36},"end":{"line":334,"column":37}},"237":{"start":{"line":332,"column":40},"end":{"line":332,"column":100}},"238":{"start":{"line":333,"column":40},"end":{"line":333,"column":75}},"239":{"start":{"line":337,"column":28},"end":{"line":346,"column":31}},"240":{"start":{"line":338,"column":32},"end":{"line":345,"column":33}},"241":{"start":{"line":339,"column":36},"end":{"line":344,"column":37}},"242":{"start":{"line":340,"column":40},"end":{"line":340,"column":104}},"243":{"start":{"line":341,"column":40},"end":{"line":341,"column":79}},"244":{"start":{"line":342,"column":40},"end":{"line":342,"column":96}},"245":{"start":{"line":343,"column":40},"end":{"line":343,"column":93}},"246":{"start":{"line":349,"column":20},"end":{"line":349,"column":44}},"247":{"start":{"line":350,"column":20},"end":{"line":350,"column":58}},"248":{"start":{"line":351,"column":20},"end":{"line":351,"column":54}},"249":{"start":{"line":355,"column":8},"end":{"line":355,"column":28}},"250":{"start":{"line":357,"column":4},"end":{"line":439,"column":6}},"251":{"start":{"line":358,"column":8},"end":{"line":358,"column":69}},"252":{"start":{"line":359,"column":8},"end":{"line":359,"column":24}},"253":{"start":{"line":360,"column":8},"end":{"line":438,"column":11}},"254":{"start":{"line":361,"column":12},"end":{"line":437,"column":13}},"255":{"start":{"line":362,"column":16},"end":{"line":362,"column":40}},"256":{"start":{"line":363,"column":16},"end":{"line":432,"column":19}},"257":{"start":{"line":364,"column":20},"end":{"line":364,"column":79}},"258":{"start":{"line":365,"column":20},"end":{"line":365,"column":46}},"259":{"start":{"line":366,"column":20},"end":{"line":366,"column":38}},"260":{"start":{"line":367,"column":20},"end":{"line":370,"column":23}},"261":{"start":{"line":368,"column":24},"end":{"line":368,"column":61}},"262":{"start":{"line":369,"column":24},"end":{"line":369,"column":49}},"263":{"start":{"line":371,"column":20},"end":{"line":428,"column":23}},"264":{"start":{"line":372,"column":24},"end":{"line":405,"column":25}},"265":{"start":{"line":373,"column":28},"end":{"line":401,"column":31}},"266":{"start":{"line":374,"column":32},"end":{"line":374,"column":64}},"267":{"start":{"line":375,"column":32},"end":{"line":400,"column":33}},"268":{"start":{"line":376,"column":36},"end":{"line":399,"column":37}},"269":{"start":{"line":377,"column":40},"end":{"line":377,"column":55}},"270":{"start":{"line":378,"column":40},"end":{"line":378,"column":85}},"271":{"start":{"line":379,"column":40},"end":{"line":379,"column":65}},"272":{"start":{"line":380,"column":40},"end":{"line":383,"column":68}},"273":{"start":{"line":381,"column":44},"end":{"line":381,"column":63}},"274":{"start":{"line":383,"column":44},"end":{"line":383,"column":68}},"275":{"start":{"line":384,"column":40},"end":{"line":395,"column":42}},"276":{"start":{"line":396,"column":40},"end":{"line":396,"column":64}},"277":{"start":{"line":397,"column":40},"end":{"line":397,"column":83}},"278":{"start":{"line":398,"column":40},"end":{"line":398,"column":78}},"279":{"start":{"line":404,"column":28},"end":{"line":404,"column":40}},"280":{"start":{"line":406,"column":24},"end":{"line":427,"column":25}},"281":{"start":{"line":409,"column":28},"end":{"line":409,"column":40}},"282":{"start":{"line":412,"column":28},"end":{"line":426,"column":31}},"283":{"start":{"line":413,"column":32},"end":{"line":425,"column":33}},"284":{"start":{"line":414,"column":36},"end":{"line":414,"column":63}},"285":{"start":{"line":415,"column":36},"end":{"line":415,"column":68}},"286":{"start":{"line":416,"column":36},"end":{"line":416,"column":49}},"287":{"start":{"line":418,"column":37},"end":{"line":425,"column":33}},"288":{"start":{"line":419,"column":36},"end":{"line":419,"column":68}},"289":{"start":{"line":420,"column":36},"end":{"line":420,"column":49}},"290":{"start":{"line":423,"column":36},"end":{"line":423,"column":80}},"291":{"start":{"line":424,"column":36},"end":{"line":424,"column":48}},"292":{"start":{"line":430,"column":20},"end":{"line":430,"column":98}},"293":{"start":{"line":431,"column":20},"end":{"line":431,"column":32}},"294":{"start":{"line":435,"column":16},"end":{"line":435,"column":80}},"295":{"start":{"line":436,"column":16},"end":{"line":436,"column":28}},"296":{"start":{"line":440,"column":4},"end":{"line":454,"column":6}},"297":{"start":{"line":441,"column":8},"end":{"line":441,"column":45}},"298":{"start":{"line":442,"column":8},"end":{"line":453,"column":11}},"299":{"start":{"line":443,"column":12},"end":{"line":452,"column":13}},"300":{"start":{"line":444,"column":16},"end":{"line":444,"column":45}},"301":{"start":{"line":445,"column":16},"end":{"line":445,"column":50}},"302":{"start":{"line":446,"column":16},"end":{"line":446,"column":69}},"303":{"start":{"line":448,"column":17},"end":{"line":452,"column":13}},"304":{"start":{"line":449,"column":16},"end":{"line":449,"column":33}},"305":{"start":{"line":450,"column":16},"end":{"line":450,"column":50}},"306":{"start":{"line":451,"column":16},"end":{"line":451,"column":69}},"307":{"start":{"line":455,"column":4},"end":{"line":480,"column":6}},"308":{"start":{"line":456,"column":8},"end":{"line":456,"column":24}},"309":{"start":{"line":457,"column":8},"end":{"line":479,"column":11}},"310":{"start":{"line":458,"column":12},"end":{"line":478,"column":13}},"311":{"start":{"line":459,"column":16},"end":{"line":473,"column":19}},"312":{"start":{"line":460,"column":20},"end":{"line":472,"column":21}},"313":{"start":{"line":461,"column":24},"end":{"line":461,"column":51}},"314":{"start":{"line":462,"column":24},"end":{"line":462,"column":62}},"315":{"start":{"line":463,"column":24},"end":{"line":463,"column":43}},"316":{"start":{"line":464,"column":24},"end":{"line":464,"column":37}},"317":{"start":{"line":466,"column":25},"end":{"line":472,"column":21}},"318":{"start":{"line":467,"column":24},"end":{"line":467,"column":37}},"319":{"start":{"line":470,"column":24},"end":{"line":470,"column":66}},"320":{"start":{"line":471,"column":24},"end":{"line":471,"column":36}},"321":{"start":{"line":476,"column":16},"end":{"line":476,"column":86}},"322":{"start":{"line":477,"column":16},"end":{"line":477,"column":28}},"323":{"start":{"line":481,"column":4},"end":{"line":481,"column":29}},"324":{"start":{"line":483,"column":0},"end":{"line":483,"column":62}},"325":{"start":{"line":484,"column":0},"end":{"line":484,"column":36}}},"branchMap":{"1":{"line":13,"type":"if","locations":[{"start":{"line":13,"column":8},"end":{"line":13,"column":8}},{"start":{"line":13,"column":8},"end":{"line":13,"column":8}}]},"2":{"line":15,"type":"if","locations":[{"start":{"line":15,"column":16},"end":{"line":15,"column":16}},{"start":{"line":15,"column":16},"end":{"line":15,"column":16}}]},"3":{"line":17,"type":"if","locations":[{"start":{"line":17,"column":20},"end":{"line":17,"column":20}},{"start":{"line":17,"column":20},"end":{"line":17,"column":20}}]},"4":{"line":24,"type":"if","locations":[{"start":{"line":24,"column":21},"end":{"line":24,"column":21}},{"start":{"line":24,"column":21},"end":{"line":24,"column":21}}]},"5":{"line":33,"type":"if","locations":[{"start":{"line":33,"column":13},"end":{"line":33,"column":13}},{"start":{"line":33,"column":13},"end":{"line":33,"column":13}}]},"6":{"line":38,"type":"if","locations":[{"start":{"line":38,"column":8},"end":{"line":38,"column":8}},{"start":{"line":38,"column":8},"end":{"line":38,"column":8}}]},"7":{"line":40,"type":"if","locations":[{"start":{"line":40,"column":12},"end":{"line":40,"column":12}},{"start":{"line":40,"column":12},"end":{"line":40,"column":12}}]},"8":{"line":47,"type":"if","locations":[{"start":{"line":47,"column":8},"end":{"line":47,"column":8}},{"start":{"line":47,"column":8},"end":{"line":47,"column":8}}]},"9":{"line":50,"type":"if","locations":[{"start":{"line":50,"column":13},"end":{"line":50,"column":13}},{"start":{"line":50,"column":13},"end":{"line":50,"column":13}}]},"10":{"line":118,"type":"if","locations":[{"start":{"line":118,"column":44},"end":{"line":118,"column":44}},{"start":{"line":118,"column":44},"end":{"line":118,"column":44}}]},"11":{"line":142,"type":"if","locations":[{"start":{"line":142,"column":40},"end":{"line":142,"column":40}},{"start":{"line":142,"column":40},"end":{"line":142,"column":40}}]},"12":{"line":142,"type":"binary-expr","locations":[{"start":{"line":142,"column":44},"end":{"line":142,"column":72}},{"start":{"line":143,"column":44},"end":{"line":143,"column":85}},{"start":{"line":144,"column":44},"end":{"line":144,"column":82}}]},"13":{"line":149,"type":"if","locations":[{"start":{"line":149,"column":48},"end":{"line":149,"column":48}},{"start":{"line":149,"column":48},"end":{"line":149,"column":48}}]},"14":{"line":154,"type":"if","locations":[{"start":{"line":154,"column":53},"end":{"line":154,"column":53}},{"start":{"line":154,"column":53},"end":{"line":154,"column":53}}]},"15":{"line":192,"type":"if","locations":[{"start":{"line":192,"column":16},"end":{"line":192,"column":16}},{"start":{"line":192,"column":16},"end":{"line":192,"column":16}}]},"16":{"line":196,"type":"if","locations":[{"start":{"line":196,"column":21},"end":{"line":196,"column":21}},{"start":{"line":196,"column":21},"end":{"line":196,"column":21}}]},"17":{"line":200,"type":"if","locations":[{"start":{"line":200,"column":16},"end":{"line":200,"column":16}},{"start":{"line":200,"column":16},"end":{"line":200,"column":16}}]},"18":{"line":224,"type":"if","locations":[{"start":{"line":224,"column":12},"end":{"line":224,"column":12}},{"start":{"line":224,"column":12},"end":{"line":224,"column":12}}]},"19":{"line":226,"type":"if","locations":[{"start":{"line":226,"column":20},"end":{"line":226,"column":20}},{"start":{"line":226,"column":20},"end":{"line":226,"column":20}}]},"20":{"line":226,"type":"binary-expr","locations":[{"start":{"line":226,"column":24},"end":{"line":226,"column":44}},{"start":{"line":226,"column":48},"end":{"line":226,"column":87}}]},"21":{"line":231,"type":"if","locations":[{"start":{"line":231,"column":12},"end":{"line":231,"column":12}},{"start":{"line":231,"column":12},"end":{"line":231,"column":12}}]},"22":{"line":253,"type":"if","locations":[{"start":{"line":253,"column":16},"end":{"line":253,"column":16}},{"start":{"line":253,"column":16},"end":{"line":253,"column":16}}]},"23":{"line":264,"type":"if","locations":[{"start":{"line":264,"column":16},"end":{"line":264,"column":16}},{"start":{"line":264,"column":16},"end":{"line":264,"column":16}}]},"24":{"line":275,"type":"if","locations":[{"start":{"line":275,"column":12},"end":{"line":275,"column":12}},{"start":{"line":275,"column":12},"end":{"line":275,"column":12}}]},"25":{"line":291,"type":"if","locations":[{"start":{"line":291,"column":20},"end":{"line":291,"column":20}},{"start":{"line":291,"column":20},"end":{"line":291,"column":20}}]},"26":{"line":291,"type":"binary-expr","locations":[{"start":{"line":291,"column":24},"end":{"line":291,"column":34}},{"start":{"line":291,"column":38},"end":{"line":291,"column":59}}]},"27":{"line":307,"type":"if","locations":[{"start":{"line":307,"column":8},"end":{"line":307,"column":8}},{"start":{"line":307,"column":8},"end":{"line":307,"column":8}}]},"28":{"line":309,"type":"if","locations":[{"start":{"line":309,"column":16},"end":{"line":309,"column":16}},{"start":{"line":309,"column":16},"end":{"line":309,"column":16}}]},"29":{"line":318,"type":"if","locations":[{"start":{"line":318,"column":24},"end":{"line":318,"column":24}},{"start":{"line":318,"column":24},"end":{"line":318,"column":24}}]},"30":{"line":319,"type":"if","locations":[{"start":{"line":319,"column":28},"end":{"line":319,"column":28}},{"start":{"line":319,"column":28},"end":{"line":319,"column":28}}]},"31":{"line":323,"type":"if","locations":[{"start":{"line":323,"column":36},"end":{"line":323,"column":36}},{"start":{"line":323,"column":36},"end":{"line":323,"column":36}}]},"32":{"line":327,"type":"if","locations":[{"start":{"line":327,"column":36},"end":{"line":327,"column":36}},{"start":{"line":327,"column":36},"end":{"line":327,"column":36}}]},"33":{"line":331,"type":"if","locations":[{"start":{"line":331,"column":36},"end":{"line":331,"column":36}},{"start":{"line":331,"column":36},"end":{"line":331,"column":36}}]},"34":{"line":338,"type":"if","locations":[{"start":{"line":338,"column":32},"end":{"line":338,"column":32}},{"start":{"line":338,"column":32},"end":{"line":338,"column":32}}]},"35":{"line":339,"type":"if","locations":[{"start":{"line":339,"column":36},"end":{"line":339,"column":36}},{"start":{"line":339,"column":36},"end":{"line":339,"column":36}}]},"36":{"line":339,"type":"binary-expr","locations":[{"start":{"line":339,"column":40},"end":{"line":339,"column":71}},{"start":{"line":339,"column":75},"end":{"line":339,"column":122}}]},"37":{"line":375,"type":"if","locations":[{"start":{"line":375,"column":32},"end":{"line":375,"column":32}},{"start":{"line":375,"column":32},"end":{"line":375,"column":32}}]},"38":{"line":380,"type":"if","locations":[{"start":{"line":380,"column":40},"end":{"line":380,"column":40}},{"start":{"line":380,"column":40},"end":{"line":380,"column":40}}]},"39":{"line":406,"type":"if","locations":[{"start":{"line":406,"column":24},"end":{"line":406,"column":24}},{"start":{"line":406,"column":24},"end":{"line":406,"column":24}}]},"40":{"line":406,"type":"binary-expr","locations":[{"start":{"line":406,"column":28},"end":{"line":406,"column":56}},{"start":{"line":407,"column":28},"end":{"line":407,"column":69}},{"start":{"line":408,"column":28},"end":{"line":408,"column":66}}]},"41":{"line":413,"type":"if","locations":[{"start":{"line":413,"column":32},"end":{"line":413,"column":32}},{"start":{"line":413,"column":32},"end":{"line":413,"column":32}}]},"42":{"line":418,"type":"if","locations":[{"start":{"line":418,"column":37},"end":{"line":418,"column":37}},{"start":{"line":418,"column":37},"end":{"line":418,"column":37}}]},"43":{"line":443,"type":"if","locations":[{"start":{"line":443,"column":12},"end":{"line":443,"column":12}},{"start":{"line":443,"column":12},"end":{"line":443,"column":12}}]},"44":{"line":448,"type":"if","locations":[{"start":{"line":448,"column":17},"end":{"line":448,"column":17}},{"start":{"line":448,"column":17},"end":{"line":448,"column":17}}]},"45":{"line":460,"type":"if","locations":[{"start":{"line":460,"column":20},"end":{"line":460,"column":20}},{"start":{"line":460,"column":20},"end":{"line":460,"column":20}}]},"46":{"line":466,"type":"if","locations":[{"start":{"line":466,"column":25},"end":{"line":466,"column":25}},{"start":{"line":466,"column":25},"end":{"line":466,"column":25}}]}}}}