TN:
SF:/Users/yxx/cpsc310project/src/Util.js
FN:2,(anonymous_1)
FN:3,Log
FN:5,(anonymous_3)
FN:8,(anonymous_4)
FN:11,(anonymous_5)
FN:14,(anonymous_6)
FN:17,(anonymous_7)
FNF:7
FNH:5
FNDA:1,(anonymous_1)
FNDA:0,Log
FNDA:173,(anonymous_3)
FNDA:2,(anonymous_4)
FNDA:1,(anonymous_5)
FNDA:5,(anonymous_6)
FNDA:0,(anonymous_7)
DA:2,1
DA:3,1
DA:5,1
DA:6,173
DA:8,1
DA:9,2
DA:11,1
DA:12,1
DA:14,1
DA:15,5
DA:17,1
DA:18,0
DA:20,1
DA:22,1
DA:23,1
LF:15
LH:14
BRF:0
BRH:0
end_of_record
TN:
SF:/Users/yxx/cpsc310project/src/controller/InsightFacade.js
FN:5,(anonymous_1)
FN:6,InsightFacade
FN:8,(anonymous_3)
FN:11,(anonymous_4)
FN:14,(anonymous_5)
FN:17,(anonymous_6)
FN:28,(anonymous_7)
FN:31,(anonymous_8)
FN:35,(anonymous_9)
FN:38,(anonymous_10)
FN:52,(anonymous_11)
FN:54,(anonymous_12)
FNF:12
FNH:11
FNDA:1,(anonymous_1)
FNDA:83,InsightFacade
FNDA:8,(anonymous_3)
FNDA:8,(anonymous_4)
FNDA:4,(anonymous_5)
FNDA:4,(anonymous_6)
FNDA:4,(anonymous_7)
FNDA:4,(anonymous_8)
FNDA:4,(anonymous_9)
FNDA:0,(anonymous_10)
FNDA:68,(anonymous_11)
FNDA:68,(anonymous_12)
DA:2,1
DA:3,1
DA:4,1
DA:5,1
DA:6,1
DA:8,1
DA:9,8
DA:10,8
DA:11,8
DA:12,8
DA:13,8
DA:14,8
DA:15,4
DA:16,4
DA:18,4
DA:19,4
DA:23,0
DA:24,0
DA:28,1
DA:29,4
DA:30,4
DA:31,4
DA:32,4
DA:33,4
DA:34,4
DA:35,4
DA:36,4
DA:37,4
DA:39,0
DA:43,0
DA:47,0
DA:48,0
DA:52,1
DA:53,68
DA:54,68
DA:55,68
DA:56,68
DA:57,68
DA:58,68
DA:59,63
DA:60,50
DA:61,3
DA:64,47
DA:68,13
DA:72,5
DA:73,5
DA:77,1
DA:78,1
DA:80,1
DA:81,1
LF:50
LH:44
BRDA:34,1,0,4
BRDA:34,1,1,0
BRDA:59,2,0,50
BRDA:59,2,1,13
BRDA:60,3,0,3
BRDA:60,3,1,47
BRF:6
BRH:5
end_of_record
TN:
SF:/Users/yxx/cpsc310project/src/controller/QueryController.js
FN:3,(anonymous_1)
FN:4,QueryController
FN:8,(anonymous_3)
FN:21,(anonymous_4)
FN:31,(anonymous_5)
FN:47,(anonymous_6)
FN:70,(anonymous_7)
FN:144,(anonymous_8)
FN:157,(anonymous_9)
FN:187,(anonymous_10)
FN:195,(anonymous_11)
FN:202,(anonymous_12)
FN:221,(anonymous_13)
FN:237,(anonymous_14)
FN:249,(anonymous_15)
FN:456,(anonymous_16)
FN:466,(anonymous_17)
FN:479,(anonymous_18)
FN:484,(anonymous_19)
FN:508,(anonymous_20)
FN:530,(anonymous_21)
FN:551,(anonymous_22)
FN:567,(anonymous_23)
FN:596,(anonymous_24)
FNF:24
FNH:24
FNDA:1,(anonymous_1)
FNDA:68,QueryController
FNDA:3644452,(anonymous_3)
FNDA:68,(anonymous_4)
FNDA:67,(anonymous_5)
FNDA:59,(anonymous_6)
FNDA:56,(anonymous_7)
FNDA:53,(anonymous_8)
FNDA:120,(anonymous_9)
FNDA:48,(anonymous_10)
FNDA:99,(anonymous_11)
FNDA:38,(anonymous_12)
FNDA:14,(anonymous_13)
FNDA:50,(anonymous_14)
FNDA:47,(anonymous_15)
FNDA:465448,(anonymous_16)
FNDA:232547,(anonymous_17)
FNDA:5072184,(anonymous_18)
FNDA:7,(anonymous_19)
FNDA:19,(anonymous_20)
FNDA:13,(anonymous_21)
FNDA:6,(anonymous_22)
FNDA:24,(anonymous_23)
FNDA:37,(anonymous_24)
DA:2,1
DA:3,1
DA:4,1
DA:5,68
DA:6,68
DA:8,1
DA:9,3644452
DA:10,3644452
DA:11,3644452
DA:12,36446038
DA:13,0
DA:15,36446038
DA:16,3644452
DA:19,3644452
DA:21,1
DA:22,68
DA:23,67
DA:24,67
DA:25,50
DA:29,13
DA:31,1
DA:32,67
DA:33,67
DA:34,58
DA:36,9
DA:37,4
DA:39,67
DA:40,67
DA:41,170
DA:42,3
DA:45,59
DA:47,1
DA:48,59
DA:49,59
DA:50,59
DA:51,21
DA:53,38
DA:54,20
DA:55,20
DA:56,38
DA:57,38
DA:58,3
DA:61,17
DA:64,18
DA:65,0
DA:67,18
DA:70,1
DA:71,56
DA:72,56
DA:73,56
DA:74,56
DA:75,35
DA:76,34
DA:79,1
DA:83,21
DA:84,1
DA:87,20
DA:88,1
DA:90,19
DA:91,21
DA:92,21
DA:93,0
DA:96,19
DA:97,26
DA:98,26
DA:99,26
DA:100,26
DA:101,26
DA:102,26
DA:103,26
DA:104,26
DA:105,26
DA:106,26
DA:109,1
DA:114,18
DA:115,43
DA:116,43
DA:117,20
DA:118,2
DA:122,23
DA:123,23
DA:124,63
DA:125,63
DA:127,23
DA:128,0
DA:132,16
DA:133,16
DA:134,16
DA:135,23
DA:136,0
DA:138,23
DA:140,16
DA:144,1
DA:145,53
DA:146,53
DA:147,53
DA:148,143
DA:149,143
DA:150,8
DA:151,6
DA:155,53
DA:157,1
DA:158,120
DA:159,120
DA:160,120
DA:161,258
DA:162,258
DA:163,258
DA:164,190
DA:168,120
DA:169,120
DA:170,24
DA:172,96
DA:173,55
DA:175,41
DA:176,26
DA:178,15
DA:179,10
DA:181,120
DA:182,120
DA:183,50
DA:185,120
DA:187,1
DA:188,48
DA:189,48
DA:190,48
DA:191,10
DA:193,48
DA:195,1
DA:196,99
DA:197,99
DA:198,62
DA:200,99
DA:202,1
DA:203,38
DA:204,38
DA:205,76
DA:206,76
DA:207,20
DA:209,56
DA:210,42
DA:212,14
DA:213,12
DA:215,2
DA:216,2
DA:219,38
DA:221,1
DA:222,14
DA:223,14
DA:224,4
DA:226,10
DA:227,2
DA:229,8
DA:230,0
DA:232,8
DA:233,2
DA:235,14
DA:237,1
DA:238,50
DA:239,63
DA:240,63
DA:241,63
DA:242,63
DA:243,63
DA:244,62
DA:247,50
DA:249,1
DA:250,47
DA:251,47
DA:252,47
DA:253,47
DA:254,47
DA:255,47
DA:256,47
DA:257,47
DA:258,47
DA:259,47
DA:260,47
DA:261,12
DA:263,35
DA:264,15
DA:266,20
DA:267,13
DA:269,7
DA:270,5
DA:273,2
DA:275,47
DA:276,414055
DA:277,414055
DA:278,1022391
DA:279,1022391
DA:280,953950
DA:281,953950
DA:282,596853
DA:284,953950
DA:287,68441
DA:288,138044
DA:289,68404
DA:290,68404
DA:291,68404
DA:292,0
DA:295,68404
DA:301,414055
DA:303,47
DA:304,14
DA:305,14
DA:306,14
DA:307,14
DA:308,37
DA:309,37
DA:310,21
DA:313,16
DA:316,14
DA:317,55251
DA:318,55251
DA:319,55251
DA:320,58733
DA:321,58733
DA:323,55251
DA:324,53720
DA:327,1531
DA:330,14
DA:331,14
DA:332,1
DA:333,53
DA:334,53
DA:335,53
DA:336,53
DA:337,53
DA:339,53
DA:341,1
DA:344,13
DA:345,1478
DA:346,1478
DA:347,1478
DA:348,1764
DA:349,1764
DA:351,1478
DA:352,2622
DA:353,2622
DA:354,2622
DA:355,2622
DA:357,339
DA:358,339
DA:359,4257
DA:360,4257
DA:361,261
DA:364,339
DA:365,339
DA:367,339
DA:368,339
DA:369,4257
DA:370,4257
DA:371,129
DA:374,339
DA:375,339
DA:377,1014
DA:378,1014
DA:379,1014
DA:380,1014
DA:381,51787
DA:382,51787
DA:383,51787
DA:385,1014
DA:386,1014
DA:387,1014
DA:389,930
DA:390,930
DA:391,930
DA:392,8103
DA:393,8103
DA:394,5295
DA:395,5295
DA:398,930
DA:399,930
DA:402,1478
DA:404,13
DA:407,47
DA:409,27
DA:410,18
DA:413,9
DA:414,9
DA:415,9
DA:416,9
DA:417,9
DA:418,8
DA:419,8
DA:420,8
DA:421,8
DA:422,8
DA:423,364
DA:424,364
DA:425,364
DA:426,364
DA:427,45
DA:429,364
DA:431,364
DA:432,45
DA:435,319
DA:436,319
DA:437,319
DA:439,364
DA:441,8
DA:442,8
DA:443,8
DA:446,9
DA:447,1
DA:448,1
DA:449,53
DA:451,1
DA:454,47
DA:456,1
DA:457,465448
DA:458,465448
DA:459,465448
DA:460,465448
DA:461,232547
DA:462,232547
DA:463,232547
DA:466,1
DA:467,232547
DA:468,232547
DA:469,232547
DA:470,232547
DA:471,9188759
DA:472,4839637
DA:473,4839637
DA:476,232547
DA:477,232547
DA:479,1
DA:480,5072184
DA:481,5072184
DA:482,5072184
DA:484,1
DA:485,7
DA:486,7
DA:487,7
DA:488,7
DA:489,7
DA:490,2
DA:492,5
DA:493,0
DA:495,5
DA:496,1
DA:498,4
DA:499,1
DA:501,7
DA:502,311010
DA:503,266580
DA:506,7
DA:508,1
DA:509,19
DA:510,19
DA:511,19
DA:512,19
DA:513,19
DA:514,38
DA:515,38
DA:516,10
DA:518,28
DA:519,21
DA:521,7
DA:522,6
DA:524,1
DA:525,1
DA:528,19
DA:530,13
DA:531,13
DA:533,13
DA:534,13
DA:535,13
DA:536,13
DA:537,13
DA:538,17333
DA:539,17333
DA:540,13536
DA:541,13536
DA:542,13536
DA:547,13
DA:548,13
DA:551,6
DA:552,6
DA:554,6
DA:555,12
DA:557,6
DA:558,44120
DA:559,778377604
DA:560,140
DA:563,6
DA:565,19
DA:567,1
DA:568,24
DA:569,24
DA:570,24
DA:571,24
DA:572,24
DA:573,24
DA:574,1066320
DA:575,1066320
DA:576,1066320
DA:578,399870
DA:579,44967
DA:581,399870
DA:583,311010
DA:584,238318
DA:586,311010
DA:588,266580
DA:589,327
DA:591,266580
DA:594,24
DA:596,1
DA:597,37
DA:598,37
DA:599,37
DA:600,37
DA:601,37
DA:602,37
DA:603,1555778
DA:604,1555778
DA:605,1555778
DA:606,133654
DA:607,44794
DA:608,44794
DA:609,364
DA:611,44794
DA:612,262
DA:616,88860
DA:617,88860
DA:618,0
DA:620,88860
DA:621,126
DA:626,1422124
DA:627,222150
DA:628,222150
DA:629,0
DA:631,222150
DA:632,35719
DA:636,1199974
DA:637,0
DA:639,1199974
DA:640,13946
DA:645,37
DA:647,1
DA:649,1
DA:650,1
LF:445
LH:434
BRDA:12,1,0,0
BRDA:12,1,1,36446038
BRDA:15,2,0,3644452
BRDA:15,2,1,32801586
BRDA:22,3,0,67
BRDA:22,3,1,1
BRDA:22,4,0,68
BRDA:22,4,1,68
BRDA:22,4,2,68
BRDA:23,5,0,67
BRDA:23,5,1,0
BRDA:23,6,0,67
BRDA:23,6,1,67
BRDA:23,6,2,67
BRDA:24,7,0,50
BRDA:24,7,1,12
BRDA:24,8,0,67
BRDA:24,8,1,59
BRDA:24,8,2,56
BRDA:33,9,0,58
BRDA:33,9,1,9
BRDA:36,10,0,4
BRDA:36,10,1,5
BRDA:41,11,0,3
BRDA:41,11,1,162
BRDA:50,12,0,21
BRDA:50,12,1,38
BRDA:53,13,0,20
BRDA:53,13,1,18
BRDA:57,14,0,3
BRDA:57,14,1,35
BRDA:64,15,0,0
BRDA:64,15,1,18
BRDA:74,16,0,35
BRDA:74,16,1,21
BRDA:75,17,0,34
BRDA:75,17,1,1
BRDA:83,18,0,1
BRDA:83,18,1,20
BRDA:87,19,0,1
BRDA:87,19,1,19
BRDA:92,20,0,0
BRDA:92,20,1,21
BRDA:106,21,0,1
BRDA:106,21,1,25
BRDA:106,22,0,26
BRDA:106,22,1,26
BRDA:106,22,2,26
BRDA:116,23,0,20
BRDA:116,23,1,23
BRDA:117,24,0,2
BRDA:117,24,1,18
BRDA:127,25,0,0
BRDA:127,25,1,23
BRDA:135,26,0,0
BRDA:135,26,1,23
BRDA:149,27,0,8
BRDA:149,27,1,135
BRDA:150,28,0,6
BRDA:150,28,1,2
BRDA:162,29,0,258
BRDA:162,29,1,0
BRDA:163,30,0,190
BRDA:163,30,1,68
BRDA:169,31,0,24
BRDA:169,31,1,96
BRDA:169,32,0,120
BRDA:169,32,1,112
BRDA:169,32,2,104
BRDA:172,33,0,55
BRDA:172,33,1,41
BRDA:175,34,0,26
BRDA:175,34,1,15
BRDA:175,35,0,41
BRDA:175,35,1,25
BRDA:178,36,0,10
BRDA:178,36,1,5
BRDA:182,37,0,50
BRDA:182,37,1,70
BRDA:190,38,0,10
BRDA:190,38,1,38
BRDA:197,39,0,62
BRDA:197,39,1,37
BRDA:203,40,0,38
BRDA:203,40,1,12
BRDA:206,41,0,20
BRDA:206,41,1,56
BRDA:206,42,0,76
BRDA:206,42,1,66
BRDA:206,42,2,60
BRDA:209,43,0,42
BRDA:209,43,1,14
BRDA:212,44,0,12
BRDA:212,44,1,2
BRDA:212,45,0,14
BRDA:212,45,1,4
BRDA:215,46,0,2
BRDA:215,46,1,0
BRDA:223,47,0,4
BRDA:223,47,1,10
BRDA:223,48,0,14
BRDA:223,48,1,14
BRDA:223,48,2,10
BRDA:226,49,0,2
BRDA:226,49,1,8
BRDA:229,50,0,0
BRDA:229,50,1,8
BRDA:229,51,0,8
BRDA:229,51,1,8
BRDA:232,52,0,2
BRDA:232,52,1,6
BRDA:243,53,0,62
BRDA:243,53,1,1
BRDA:260,54,0,12
BRDA:260,54,1,35
BRDA:260,55,0,47
BRDA:260,55,1,43
BRDA:260,55,2,39
BRDA:263,56,0,15
BRDA:263,56,1,20
BRDA:266,57,0,13
BRDA:266,57,1,7
BRDA:266,58,0,20
BRDA:266,58,1,12
BRDA:269,59,0,5
BRDA:269,59,1,2
BRDA:279,60,0,953950
BRDA:279,60,1,68441
BRDA:281,61,0,596853
BRDA:281,61,1,357097
BRDA:288,62,0,68404
BRDA:288,62,1,69640
BRDA:291,63,0,0
BRDA:291,63,1,68404
BRDA:303,64,0,14
BRDA:303,64,1,33
BRDA:309,65,0,21
BRDA:309,65,1,16
BRDA:323,66,0,53720
BRDA:323,66,1,1531
BRDA:331,67,0,1
BRDA:331,67,1,13
BRDA:355,68,0,339
BRDA:355,68,1,339
BRDA:355,68,2,1014
BRDA:355,68,3,930
BRDA:360,69,0,261
BRDA:360,69,1,3996
BRDA:370,70,0,129
BRDA:370,70,1,4128
BRDA:393,71,0,5295
BRDA:393,71,1,2808
BRDA:407,72,0,20
BRDA:407,72,1,27
BRDA:409,73,0,18
BRDA:409,73,1,9
BRDA:414,74,0,9
BRDA:414,74,1,0
BRDA:426,75,0,45
BRDA:426,75,1,319
BRDA:431,76,0,45
BRDA:431,76,1,319
BRDA:446,77,0,1
BRDA:446,77,1,8
BRDA:460,78,0,232547
BRDA:460,78,1,232901
BRDA:471,79,0,4839637
BRDA:471,79,1,4349122
BRDA:489,80,0,2
BRDA:489,80,1,5
BRDA:489,81,0,7
BRDA:489,81,1,7
BRDA:489,81,2,5
BRDA:492,82,0,0
BRDA:492,82,1,5
BRDA:492,83,0,5
BRDA:492,83,1,5
BRDA:495,84,0,1
BRDA:495,84,1,4
BRDA:498,85,0,1
BRDA:498,85,1,3
BRDA:502,86,0,266580
BRDA:502,86,1,44430
BRDA:515,87,0,10
BRDA:515,87,1,28
BRDA:515,88,0,38
BRDA:515,88,1,33
BRDA:515,88,2,30
BRDA:518,89,0,21
BRDA:518,89,1,7
BRDA:521,90,0,6
BRDA:521,90,1,1
BRDA:521,91,0,7
BRDA:521,91,1,2
BRDA:524,92,0,1
BRDA:524,92,1,0
BRDA:528,93,0,13
BRDA:528,93,1,6
BRDA:539,94,0,13536
BRDA:539,94,1,3797
BRDA:559,95,0,140
BRDA:559,95,1,778377464
BRDA:576,96,0,399870
BRDA:576,96,1,311010
BRDA:576,96,2,266580
BRDA:578,97,0,44967
BRDA:578,97,1,354903
BRDA:583,98,0,238318
BRDA:583,98,1,72692
BRDA:588,99,0,327
BRDA:588,99,1,266253
BRDA:605,100,0,133654
BRDA:605,100,1,1422124
BRDA:606,101,0,44794
BRDA:606,101,1,88860
BRDA:608,102,0,364
BRDA:608,102,1,44430
BRDA:611,103,0,262
BRDA:611,103,1,44532
BRDA:617,104,0,0
BRDA:617,104,1,88860
BRDA:620,105,0,126
BRDA:620,105,1,88734
BRDA:626,106,0,222150
BRDA:626,106,1,1199974
BRDA:628,107,0,0
BRDA:628,107,1,222150
BRDA:631,108,0,35719
BRDA:631,108,1,186431
BRDA:636,109,0,0
BRDA:636,109,1,1199974
BRDA:639,110,0,13946
BRDA:639,110,1,1186028
BRF:233
BRH:217
end_of_record
TN:
SF:/Users/yxx/cpsc310project/src/controller/DatasetController.js
FN:7,(anonymous_1)
FN:8,DatasetController
FN:12,(anonymous_3)
FN:14,(anonymous_4)
FN:37,(anonymous_5)
FN:45,(anonymous_6)
FN:54,(anonymous_7)
FN:59,(anonymous_8)
FN:62,(anonymous_9)
FN:65,(anonymous_10)
FN:77,(anonymous_11)
FN:98,(anonymous_12)
FN:113,(anonymous_13)
FN:148,(anonymous_14)
FN:175,(anonymous_15)
FN:186,(anonymous_16)
FN:187,(anonymous_17)
FN:188,(anonymous_18)
FN:207,(anonymous_19)
FN:208,(anonymous_20)
FN:220,(anonymous_21)
FN:223,findIndexNode
FN:225,(anonymous_23)
FN:238,(anonymous_24)
FN:272,(anonymous_25)
FN:281,(anonymous_26)
FN:303,(anonymous_27)
FN:308,(anonymous_28)
FN:317,(anonymous_29)
FN:337,(anonymous_30)
FN:357,(anonymous_31)
FN:360,(anonymous_32)
FN:363,(anonymous_33)
FN:367,(anonymous_34)
FN:371,(anonymous_35)
FN:373,(anonymous_36)
FN:412,(anonymous_37)
FN:429,(anonymous_38)
FN:440,(anonymous_39)
FN:442,(anonymous_40)
FN:455,(anonymous_41)
FN:457,(anonymous_42)
FN:459,(anonymous_43)
FNF:43
FNH:40
FNDA:1,(anonymous_1)
FNDA:1,DatasetController
FNDA:0,(anonymous_3)
FNDA:0,(anonymous_4)
FNDA:72,(anonymous_5)
FNDA:8,(anonymous_6)
FNDA:0,(anonymous_7)
FNDA:4,(anonymous_8)
FNDA:4,(anonymous_9)
FNDA:2,(anonymous_10)
FNDA:2,(anonymous_11)
FNDA:2,(anonymous_12)
FNDA:2,(anonymous_13)
FNDA:2,(anonymous_14)
FNDA:2,(anonymous_15)
FNDA:148,(anonymous_16)
FNDA:148,(anonymous_17)
FNDA:148,(anonymous_18)
FNDA:148,(anonymous_19)
FNDA:148,(anonymous_20)
FNDA:2,(anonymous_21)
FNDA:3994,findIndexNode
FNDA:2204,(anonymous_23)
FNDA:2,(anonymous_24)
FNDA:2,(anonymous_25)
FNDA:2,(anonymous_26)
FNDA:88,(anonymous_27)
FNDA:1544,(anonymous_28)
FNDA:8008,(anonymous_29)
FNDA:6552,(anonymous_30)
FNDA:4,(anonymous_31)
FNDA:4,(anonymous_32)
FNDA:2,(anonymous_33)
FNDA:11888,(anonymous_34)
FNDA:2,(anonymous_35)
FNDA:11888,(anonymous_36)
FNDA:2,(anonymous_37)
FNDA:2,(anonymous_38)
FNDA:4,(anonymous_39)
FNDA:4,(anonymous_40)
FNDA:4,(anonymous_41)
FNDA:4,(anonymous_42)
FNDA:4,(anonymous_43)
DA:2,1
DA:3,1
DA:4,1
DA:5,1
DA:6,1
DA:7,1
DA:8,1
DA:9,1
DA:10,1
DA:12,1
DA:13,0
DA:14,0
DA:15,0
DA:16,0
DA:17,0
DA:18,0
DA:21,0
DA:24,0
DA:25,0
DA:28,0
DA:29,0
DA:33,0
DA:34,0
DA:37,1
DA:38,72
DA:39,0
DA:40,0
DA:41,0
DA:43,72
DA:45,1
DA:46,8
DA:47,8
DA:48,4
DA:50,4
DA:51,4
DA:54,0
DA:55,0
DA:59,1
DA:60,4
DA:61,4
DA:62,4
DA:63,4
DA:64,4
DA:65,4
DA:66,2
DA:67,2
DA:68,2
DA:69,2
DA:70,2
DA:71,2
DA:72,2
DA:73,2
DA:74,2
DA:75,2
DA:76,2
DA:77,2
DA:78,2
DA:79,2
DA:80,2
DA:81,2
DA:82,2
DA:83,2
DA:84,2
DA:85,2
DA:86,2
DA:87,148
DA:88,148
DA:89,148
DA:90,148
DA:91,148
DA:92,148
DA:93,148
DA:94,148
DA:95,148
DA:96,148
DA:98,2
DA:99,2
DA:100,2
DA:101,2
DA:102,148
DA:103,148
DA:104,148
DA:106,2
DA:107,2
DA:108,148
DA:109,148
DA:110,148
DA:111,148
DA:113,2
DA:114,2
DA:115,2
DA:116,148
DA:117,148
DA:118,148
DA:119,88
DA:120,88
DA:121,88
DA:122,728
DA:123,728
DA:127,2
DA:128,728
DA:129,728
DA:130,728
DA:131,728
DA:132,728
DA:133,728
DA:134,728
DA:135,728
DA:136,728
DA:137,728
DA:138,728
DA:139,728
DA:140,728
DA:142,2
DA:145,0
DA:148,2
DA:149,2
DA:150,1
DA:151,1
DA:152,1
DA:154,1
DA:155,1
DA:156,1
DA:159,0
DA:160,0
DA:166,0
DA:171,0
DA:176,2
DA:177,2
DA:181,0
DA:182,0
DA:186,1
DA:187,148
DA:188,148
DA:189,148
DA:190,148
DA:191,148
DA:192,148
DA:193,0
DA:196,148
DA:197,0
DA:200,148
DA:201,0
DA:202,0
DA:203,0
DA:205,148
DA:206,148
DA:207,148
DA:208,148
DA:209,148
DA:210,148
DA:211,148
DA:214,0
DA:220,1
DA:221,2
DA:222,2
DA:223,1
DA:224,3994
DA:225,1474
DA:226,2204
DA:227,148
DA:231,3994
DA:232,1476
DA:235,2
DA:236,2
DA:238,1
DA:239,2
DA:240,2
DA:241,2
DA:242,2
DA:243,2
DA:244,4
DA:245,4
DA:246,890
DA:247,890
DA:250,2
DA:251,2
DA:252,890
DA:253,890
DA:254,446
DA:257,2
DA:258,2
DA:259,446
DA:260,446
DA:262,2
DA:263,446
DA:264,446
DA:265,296
DA:268,2
DA:270,2
DA:272,1
DA:273,2
DA:274,2
DA:275,296
DA:276,148
DA:279,2
DA:281,1
DA:282,2
DA:283,2
DA:284,2
DA:285,2
DA:286,4
DA:287,4
DA:288,4
DA:289,4
DA:290,890
DA:291,890
DA:292,148
DA:293,148
DA:294,148
DA:295,148
DA:297,890
DA:301,2
DA:303,1
DA:304,88
DA:305,88
DA:306,88
DA:307,88
DA:308,88
DA:309,1544
DA:310,728
DA:311,728
DA:317,728
DA:318,8008
DA:319,3640
DA:320,3640
DA:321,3640
DA:322,3640
DA:323,3640
DA:324,728
DA:325,728
DA:327,3640
DA:328,728
DA:329,728
DA:331,3640
DA:332,728
DA:333,728
DA:337,3640
DA:338,6552
DA:339,1456
DA:340,728
DA:341,728
DA:342,728
DA:343,728
DA:349,728
DA:350,728
DA:351,728
DA:355,88
DA:357,1
DA:358,4
DA:359,4
DA:360,4
DA:361,4
DA:362,4
DA:363,4
DA:364,2
DA:365,2
DA:366,2
DA:367,2
DA:368,11888
DA:369,11888
DA:371,2
DA:372,2
DA:373,2
DA:374,11888
DA:375,11888
DA:376,11888
DA:377,88860
DA:378,88860
DA:379,88860
DA:380,88860
DA:381,33790
DA:383,55070
DA:384,88860
DA:396,88860
DA:397,88860
DA:398,88860
DA:404,0
DA:406,2
DA:409,0
DA:412,2
DA:413,2
DA:414,1
DA:415,1
DA:416,1
DA:418,1
DA:419,1
DA:420,1
DA:423,0
DA:424,0
DA:430,2
DA:431,2
DA:435,0
DA:436,0
DA:440,1
DA:441,4
DA:442,4
DA:443,4
DA:444,3
DA:445,3
DA:446,3
DA:448,1
DA:449,1
DA:450,1
DA:451,1
DA:455,1
DA:456,4
DA:457,4
DA:458,4
DA:459,4
DA:460,4
DA:461,2
DA:462,2
DA:463,2
DA:464,2
DA:466,2
DA:467,2
DA:470,0
DA:471,0
DA:476,0
DA:477,0
DA:481,1
DA:483,1
DA:484,1
LF:324
LH:283
BRDA:13,1,0,0
BRDA:13,1,1,0
BRDA:15,2,0,0
BRDA:15,2,1,0
BRDA:17,3,0,0
BRDA:17,3,1,0
BRDA:24,4,0,0
BRDA:24,4,1,0
BRDA:33,5,0,0
BRDA:33,5,1,0
BRDA:38,6,0,0
BRDA:38,6,1,72
BRDA:40,7,0,0
BRDA:40,7,1,0
BRDA:47,8,0,4
BRDA:47,8,1,4
BRDA:50,9,0,4
BRDA:50,9,1,0
BRDA:118,10,0,88
BRDA:118,10,1,60
BRDA:142,11,0,0
BRDA:142,11,1,2
BRDA:142,12,0,2
BRDA:142,12,1,2
BRDA:142,12,2,2
BRDA:149,13,0,1
BRDA:149,13,1,1
BRDA:154,14,0,1
BRDA:154,14,1,0
BRDA:192,15,0,0
BRDA:192,15,1,148
BRDA:196,16,0,0
BRDA:196,16,1,148
BRDA:200,17,0,0
BRDA:200,17,1,148
BRDA:224,18,0,1474
BRDA:224,18,1,2520
BRDA:226,19,0,148
BRDA:226,19,1,2056
BRDA:226,20,0,2204
BRDA:226,20,1,436
BRDA:231,21,0,1476
BRDA:231,21,1,2518
BRDA:253,22,0,446
BRDA:253,22,1,444
BRDA:264,23,0,296
BRDA:264,23,1,150
BRDA:275,24,0,148
BRDA:275,24,1,148
BRDA:291,25,0,148
BRDA:291,25,1,742
BRDA:291,26,0,890
BRDA:291,26,1,888
BRDA:307,27,0,88
BRDA:307,27,1,0
BRDA:309,28,0,728
BRDA:309,28,1,816
BRDA:318,29,0,3640
BRDA:318,29,1,4368
BRDA:319,30,0,3640
BRDA:319,30,1,0
BRDA:323,31,0,728
BRDA:323,31,1,2912
BRDA:327,32,0,728
BRDA:327,32,1,2912
BRDA:331,33,0,728
BRDA:331,33,1,2912
BRDA:338,34,0,1456
BRDA:338,34,1,5096
BRDA:339,35,0,728
BRDA:339,35,1,728
BRDA:339,36,0,1456
BRDA:339,36,1,1456
BRDA:375,37,0,11888
BRDA:375,37,1,0
BRDA:380,38,0,33790
BRDA:380,38,1,55070
BRDA:406,39,0,0
BRDA:406,39,1,2
BRDA:406,40,0,2
BRDA:406,40,1,2
BRDA:406,40,2,2
BRDA:413,41,0,1
BRDA:413,41,1,1
BRDA:418,42,0,1
BRDA:418,42,1,0
BRDA:443,43,0,3
BRDA:443,43,1,1
BRDA:448,44,0,1
BRDA:448,44,1,0
BRDA:460,45,0,2
BRDA:460,45,1,2
BRDA:466,46,0,2
BRDA:466,46,1,0
BRF:94
BRH:68
end_of_record
